Log file open, 03/30/20 18:44:32
LogWindows: Failed to load 'aqProf.dll' (GetLastError=126)
LogWindows: File 'aqProf.dll' does not exist
LogWindows: Failed to load 'VtuneApi.dll' (GetLastError=126)
LogWindows: File 'VtuneApi.dll' does not exist
LogWindows: Failed to load 'VtuneApi32e.dll' (GetLastError=126)
LogWindows: File 'VtuneApi32e.dll' does not exist
LogConsoleResponse: Display: Failed to find resolution value strings in scalability ini. Falling back to default.
LogInit: Display: Running engine for game: ExamenFinal_Motors
LogPlatformFile: Not using cached read wrapper
LogTaskGraph: Started task graph with 5 named threads and 11 total threads with 3 sets of task threads.
LogStats: Stats thread started at 5.284177
LogD3D11RHI: Loaded GFSDK_Aftermath_Lib.x64.dll
LogICUInternationalization: ICU TimeZone Detection - Raw Offset: +1:00, Platform Override: ''
LogPluginManager: Mounting plugin Paper2D
LogPluginManager: Mounting plugin AISupport
LogPluginManager: Mounting plugin LightPropagationVolume
LogPluginManager: Mounting plugin ActorLayerUtilities
LogPluginManager: Mounting plugin AnimationSharing
LogPluginManager: Mounting plugin CLionSourceCodeAccess
LogPluginManager: Mounting plugin CodeLiteSourceCodeAccess
LogPluginManager: Mounting plugin GitSourceControl
LogPluginManager: Mounting plugin KDevelopSourceCodeAccess
LogPluginManager: Mounting plugin NullSourceCodeAccess
LogPluginManager: Mounting plugin PerforceSourceControl
LogPluginManager: Mounting plugin PlasticSourceControl
LogPluginManager: Mounting plugin SubversionSourceControl
LogPluginManager: Mounting plugin UObjectPlugin
LogPluginManager: Mounting plugin VisualStudioCodeSourceCodeAccess
LogPluginManager: Mounting plugin VisualStudioSourceCodeAccess
LogPluginManager: Mounting plugin XCodeSourceCodeAccess
LogPluginManager: Mounting plugin AssetManagerEditor
LogPluginManager: Mounting plugin CryptoKeys
LogPluginManager: Mounting plugin CurveEditorTools
LogPluginManager: Mounting plugin DataValidation
LogPluginManager: Mounting plugin FacialAnimation
LogPluginManager: Mounting plugin GameplayTagsEditor
LogPluginManager: Mounting plugin MacGraphicsSwitching
LogPluginManager: Mounting plugin MaterialAnalyzer
LogPluginManager: Mounting plugin MobileLauncherProfileWizard
LogPluginManager: Mounting plugin PluginBrowser
LogPluginManager: Mounting plugin SpeedTreeImporter
LogPluginManager: Mounting plugin DatasmithContent
LogPluginManager: Mounting plugin VariantManagerContent
LogPluginManager: Mounting plugin AlembicImporter
LogPluginManager: Mounting plugin AutomationUtils
LogPluginManager: Mounting plugin BackChannel
LogPluginManager: Mounting plugin CharacterAI
LogPluginManager: Mounting plugin GeometryCache
LogPluginManager: Mounting plugin PlatformCrypto
LogPluginManager: Mounting plugin ProxyLODPlugin
LogPluginManager: Mounting plugin SkeletalReduction
LogPluginManager: Mounting plugin MagicLeap
LogPluginManager: Mounting plugin MagicLeapMedia
LogPluginManager: Mounting plugin MLSDK
LogPluginManager: Mounting plugin AndroidMedia
LogPluginManager: Mounting plugin AvfMedia
LogPluginManager: Mounting plugin ImgMedia
LogPluginManager: Mounting plugin MediaCompositing
LogPluginManager: Mounting plugin MediaPlayerEditor
LogPluginManager: Mounting plugin WebMMedia
LogPluginManager: Mounting plugin WmfMedia
LogPluginManager: Mounting plugin TcpMessaging
LogPluginManager: Mounting plugin UdpMessaging
LogPluginManager: Mounting plugin ActorSequence
LogPluginManager: Mounting plugin LevelSequenceEditor
LogPluginManager: Mounting plugin MatineeToLevelSequence
LogPluginManager: Mounting plugin NetcodeUnitTest
LogPluginManager: Mounting plugin NUTUnrealEngine4
LogPluginManager: Mounting plugin OnlineSubsystemGooglePlay
LogPluginManager: Mounting plugin OnlineSubsystemIOS
LogPluginManager: Mounting plugin OnlineSubsystem
LogPluginManager: Mounting plugin OnlineSubsystemNull
LogPluginManager: Mounting plugin OnlineSubsystemUtils
LogPluginManager: Mounting plugin LauncherChunkInstaller
LogPluginManager: Mounting plugin AndroidDeviceProfileSelector
LogPluginManager: Mounting plugin AndroidMoviePlayer
LogPluginManager: Mounting plugin AndroidPermission
LogPluginManager: Mounting plugin AppleImageUtils
LogPluginManager: Mounting plugin AppleMoviePlayer
LogPluginManager: Mounting plugin ArchVisCharacter
LogPluginManager: Mounting plugin AssetTags
LogPluginManager: Mounting plugin AudioCapture
LogPluginManager: Mounting plugin CableComponent
LogPluginManager: Mounting plugin CustomMeshComponent
LogPluginManager: Mounting plugin EditableMesh
LogPluginManager: Mounting plugin ExampleDeviceProfileSelector
LogPluginManager: Mounting plugin GoogleCloudMessaging
LogPluginManager: Mounting plugin IOSDeviceProfileSelector
LogPluginManager: Mounting plugin LinuxDeviceProfileSelector
LogPluginManager: Mounting plugin LocationServicesBPLibrary
LogPluginManager: Mounting plugin MobilePatchingUtils
LogPluginManager: Mounting plugin OculusVR
LogPluginManager: Mounting plugin PhysXVehicles
LogPluginManager: Mounting plugin PostSplashScreen
LogPluginManager: Mounting plugin ProceduralMeshComponent
LogPluginManager: Mounting plugin RuntimePhysXCooking
LogPluginManager: Mounting plugin SignificanceManager
LogPluginManager: Mounting plugin SteamVR
LogPluginManager: Mounting plugin WebMMoviePlayer
LogPluginManager: Mounting plugin WindowsMoviePlayer
LogPluginManager: Mounting plugin ScreenshotTools
LogInit: Using libcurl 7.55.1-DEV
LogInit:  - built for x86_64-pc-win32
LogInit:  - supports SSL with OpenSSL/1.1.1
LogInit:  - supports HTTP deflate (compression) using libz 1.2.8
LogInit:  - other features:
LogInit:      CURL_VERSION_SSL
LogInit:      CURL_VERSION_LIBZ
LogInit:      CURL_VERSION_IPV6
LogInit:      CURL_VERSION_ASYNCHDNS
LogInit:      CURL_VERSION_LARGEFILE
LogInit:      CURL_VERSION_IDN
LogInit:  CurlRequestOptions (configurable via config and command line):
LogInit:  - bVerifyPeer = true  - Libcurl will verify peer certificate
LogInit:  - bUseHttpProxy = false  - Libcurl will NOT use HTTP proxy
LogInit:  - bDontReuseConnections = false  - Libcurl will reuse connections
LogInit:  - MaxHostConnections = 16  - Libcurl will limit the number of connections to a host
LogInit:  - LocalHostAddr = Default
LogInit:  - BufferSize = 65536
LogOnline: OSS: Creating online subsystem instance for: NULL
LogInit: WinSock: version 1.1 (2.2), MaxSocks=32767, MaxUdp=65467
LogOnline: OSS: TryLoadSubsystemAndSetDefault: Loaded subsystem for module [NULL]
LogInit: Build: ++UE4+Release-4.24-CL-10757647
LogInit: Engine Version: 4.24.1-10757647+++UE4+Release-4.24
LogInit: Compatible Engine Version: 4.24.0-10570792+++UE4+Release-4.24
LogInit: Net CL: 10570792
LogInit: OS: Windows 10 (Release 1903) (), CPU: Intel(R) Core(TM) i7-6500U CPU @ 2.50GHz, GPU: Intel(R) HD Graphics 520
LogInit: Compiled (64-bit): Dec 17 2019 02:08:03
LogInit: Compiled with Visual C++: 19.16.27032.01
LogInit: Build Configuration: Development
LogInit: Branch Name: ++UE4+Release-4.24
LogInit: Command Line: 
LogInit: Base Directory: C:/Program Files/Epic Games/UE_4.24/Engine/Binaries/Win64/
LogInit: Installed Engine Build: 1
LogDevObjectVersion: Number of dev versions registered: 25
LogDevObjectVersion:   Dev-Blueprints (B0D832E4-1F89-4F0D-ACCF-7EB736FD4AA2): 10
LogDevObjectVersion:   Dev-Build (E1C64328-A22C-4D53-A36C-8E866417BD8C): 0
LogDevObjectVersion:   Dev-Core (375EC13C-06E4-48FB-B500-84F0262A717E): 3
LogDevObjectVersion:   Dev-Editor (E4B068ED-F494-42E9-A231-DA0B2E46BB41): 37
LogDevObjectVersion:   Dev-Framework (CFFC743F-43B0-4480-9391-14DF171D2073): 36
LogDevObjectVersion:   Dev-Mobile (B02B49B5-BB20-44E9-A304-32B752E40360): 2
LogDevObjectVersion:   Dev-Networking (A4E4105C-59A1-49B5-A7C5-40C4547EDFEE): 0
LogDevObjectVersion:   Dev-Online (39C831C9-5AE6-47DC-9A44-9C173E1C8E7C): 0
LogDevObjectVersion:   Dev-Physics (78F01B33-EBEA-4F98-B9B4-84EACCB95AA2): 2
LogDevObjectVersion:   Dev-Platform (6631380F-2D4D-43E0-8009-CF276956A95A): 0
LogDevObjectVersion:   Dev-Rendering (12F88B9F-8875-4AFC-A67C-D90C383ABD29): 36
LogDevObjectVersion:   Dev-Sequencer (7B5AE74C-D270-4C10-A958-57980B212A5A): 11
LogDevObjectVersion:   Dev-VR (D7296918-1DD6-4BDD-9DE2-64A83CC13884): 2
LogDevObjectVersion:   Dev-LoadTimes (C2A15278-BFE7-4AFE-6C17-90FF531DF755): 1
LogDevObjectVersion:   Private-Geometry (6EACA3D4-40EC-4CC1-B786-8BED09428FC5): 3
LogDevObjectVersion:   Dev-AnimPhys (29E575DD-E0A3-4627-9D10-D276232CDCEA): 17
LogDevObjectVersion:   Dev-Anim (AF43A65D-7FD3-4947-9873-3E8ED9C1BB05): 2
LogDevObjectVersion:   Dev-ReflectionCapture (6B266CEC-1EC7-4B8F-A30B-E4D90942FC07): 1
LogDevObjectVersion:   Dev-Automation (0DF73D61-A23F-47EA-B727-89E90C41499A): 1
LogDevObjectVersion:   FortniteMain (601D1886-AC64-4F84-AA16-D3DE0DEAC7D6): 31
LogDevObjectVersion:   Dev-Enterprise (9DFFBCD6-494F-0158-E221-12823C92A888): 8
LogDevObjectVersion:   Dev-Niagara (F2AED0AC-9AFE-416F-8664-AA7FFA26D6FC): 1
LogDevObjectVersion:   Dev-Destruction (174F1F0B-B4C6-45A5-B13F-2EE8D0FB917D): 9
LogDevObjectVersion:   Dev-Physics-Ext (35F94A83-E258-406C-A318-09F59610247C): 8
LogDevObjectVersion:   Dev-CineCamera (B2E18506-4273-CFC2-A54E-F4BB758BBA07): 1
LogInit: Presizing for max 25165824 objects, including 0 objects not considered by GC, pre-allocating 0 bytes for permanent pool.
LogInit: Object subsystem initialized
LogConfig: Setting CVar [[con.DebugEarlyDefault:1]]
LogConfig: Setting CVar [[r.setres:1280x720]]
[2020.03.30-16.44.39:541][  0]LogConfig: Setting CVar [[r.VSync:0]]
[2020.03.30-16.44.39:541][  0]LogConfig: Setting CVar [[r.RHICmdBypass:0]]
[2020.03.30-16.44.39:542][  0]LogConfig: Applying CVar settings from Section [/Script/Engine.RendererSettings] File [C:/Users/sergi/Documents/GitHub/Unreal/ExamenFinal_MotorsDeJoc/ExamenFinal_MotorsDeJoc/ExamenFinal_Motors/Saved/Config/Windows/Engine.ini]
[2020.03.30-16.44.39:542][  0]LogConfig: Setting CVar [[r.GPUCrashDebugging:0]]
[2020.03.30-16.44.39:542][  0]LogConfig: Applying CVar settings from Section [/Script/Engine.RendererOverrideSettings] File [C:/Users/sergi/Documents/GitHub/Unreal/ExamenFinal_MotorsDeJoc/ExamenFinal_MotorsDeJoc/ExamenFinal_Motors/Saved/Config/Windows/Engine.ini]
[2020.03.30-16.44.39:542][  0]LogConfig: Applying CVar settings from Section [/Script/Engine.StreamingSettings] File [C:/Users/sergi/Documents/GitHub/Unreal/ExamenFinal_MotorsDeJoc/ExamenFinal_MotorsDeJoc/ExamenFinal_Motors/Saved/Config/Windows/Engine.ini]
[2020.03.30-16.44.39:542][  0]LogConfig: Setting CVar [[s.MinBulkDataSizeForAsyncLoading:131072]]
[2020.03.30-16.44.39:542][  0]LogConfig: Setting CVar [[s.AsyncLoadingThreadEnabled:0]]
[2020.03.30-16.44.39:542][  0]LogConfig: Setting CVar [[s.EventDrivenLoaderEnabled:1]]
[2020.03.30-16.44.39:542][  0]LogConfig: Setting CVar [[s.WarnIfTimeLimitExceeded:0]]
[2020.03.30-16.44.39:542][  0]LogConfig: Setting CVar [[s.TimeLimitExceededMultiplier:1.5]]
[2020.03.30-16.44.39:542][  0]LogConfig: Setting CVar [[s.TimeLimitExceededMinTime:0.005]]
[2020.03.30-16.44.39:542][  0]LogConfig: Setting CVar [[s.UseBackgroundLevelStreaming:1]]
[2020.03.30-16.44.39:542][  0]LogConfig: Setting CVar [[s.PriorityAsyncLoadingExtraTime:15.0]]
[2020.03.30-16.44.39:542][  0]LogConfig: Setting CVar [[s.LevelStreamingActorsUpdateTimeLimit:5.0]]
[2020.03.30-16.44.39:542][  0]LogConfig: Setting CVar [[s.PriorityLevelStreamingActorsUpdateExtraTime:5.0]]
[2020.03.30-16.44.39:542][  0]LogConfig: Setting CVar [[s.LevelStreamingComponentsRegistrationGranularity:10]]
[2020.03.30-16.44.39:542][  0]LogConfig: Setting CVar [[s.UnregisterComponentsTimeLimit:1.0]]
[2020.03.30-16.44.39:542][  0]LogConfig: Setting CVar [[s.LevelStreamingComponentsUnregistrationGranularity:5]]
[2020.03.30-16.44.39:542][  0]LogConfig: Setting CVar [[s.FlushStreamingOnExit:1]]
[2020.03.30-16.44.39:546][  0]LogConfig: Applying CVar settings from Section [/Script/Engine.GarbageCollectionSettings] File [C:/Users/sergi/Documents/GitHub/Unreal/ExamenFinal_MotorsDeJoc/ExamenFinal_MotorsDeJoc/ExamenFinal_Motors/Saved/Config/Windows/Engine.ini]
[2020.03.30-16.44.39:546][  0]LogConfig: Setting CVar [[gc.MaxObjectsNotConsideredByGC:1]]
[2020.03.30-16.44.39:547][  0]LogConfig: Setting CVar [[gc.SizeOfPermanentObjectPool:0]]
[2020.03.30-16.44.39:547][  0]LogConfig: Setting CVar [[gc.FlushStreamingOnGC:0]]
[2020.03.30-16.44.39:547][  0]LogConfig: Setting CVar [[gc.NumRetriesBeforeForcingGC:10]]
[2020.03.30-16.44.39:547][  0]LogConfig: Setting CVar [[gc.AllowParallelGC:1]]
[2020.03.30-16.44.39:547][  0]LogConfig: Setting CVar [[gc.TimeBetweenPurgingPendingKillObjects:61.1]]
[2020.03.30-16.44.39:547][  0]LogConfig: Setting CVar [[gc.MaxObjectsInEditor:25165824]]
[2020.03.30-16.44.39:547][  0]LogConfig: Setting CVar [[gc.IncrementalBeginDestroyEnabled:1]]
[2020.03.30-16.44.39:547][  0]LogConfig: Setting CVar [[gc.CreateGCClusters:1]]
[2020.03.30-16.44.39:547][  0]LogConfig: Setting CVar [[gc.MinGCClusterSize:5]]
[2020.03.30-16.44.39:547][  0]LogConfig: Setting CVar [[gc.ActorClusteringEnabled:0]]
[2020.03.30-16.44.39:547][  0]LogConfig: Setting CVar [[gc.BlueprintClusteringEnabled:0]]
[2020.03.30-16.44.39:547][  0]LogConfig: Setting CVar [[gc.UseDisregardForGCOnDedicatedServers:0]]
[2020.03.30-16.44.39:547][  0]LogConfig: Applying CVar settings from Section [/Script/Engine.NetworkSettings] File [C:/Users/sergi/Documents/GitHub/Unreal/ExamenFinal_MotorsDeJoc/ExamenFinal_MotorsDeJoc/ExamenFinal_Motors/Saved/Config/Windows/Engine.ini]
[2020.03.30-16.44.39:547][  0]LogConfig: Applying CVar settings from Section [/Script/UnrealEd.CookerSettings] File [C:/Users/sergi/Documents/GitHub/Unreal/ExamenFinal_MotorsDeJoc/ExamenFinal_MotorsDeJoc/ExamenFinal_Motors/Saved/Config/Windows/Engine.ini]
[2020.03.30-16.44.39:696][  0]LogConfig: Applying CVar settings from Section [ViewDistanceQuality@3] File [C:/Users/sergi/Documents/GitHub/Unreal/ExamenFinal_MotorsDeJoc/ExamenFinal_MotorsDeJoc/ExamenFinal_Motors/Saved/Config/Windows/Scalability.ini]
[2020.03.30-16.44.39:696][  0]LogConfig: Setting CVar [[r.SkeletalMeshLODBias:0]]
[2020.03.30-16.44.39:696][  0]LogConfig: Setting CVar [[r.ViewDistanceScale:1.0]]
[2020.03.30-16.44.39:696][  0]LogConfig: Applying CVar settings from Section [AntiAliasingQuality@3] File [C:/Users/sergi/Documents/GitHub/Unreal/ExamenFinal_MotorsDeJoc/ExamenFinal_MotorsDeJoc/ExamenFinal_Motors/Saved/Config/Windows/Scalability.ini]
[2020.03.30-16.44.39:697][  0]LogConfig: Setting CVar [[r.PostProcessAAQuality:4]]
[2020.03.30-16.44.39:697][  0]LogConfig: Applying CVar settings from Section [ShadowQuality@3] File [C:/Users/sergi/Documents/GitHub/Unreal/ExamenFinal_MotorsDeJoc/ExamenFinal_MotorsDeJoc/ExamenFinal_Motors/Saved/Config/Windows/Scalability.ini]
[2020.03.30-16.44.39:697][  0]LogConfig: Setting CVar [[r.LightFunctionQuality:1]]
[2020.03.30-16.44.39:697][  0]LogConfig: Setting CVar [[r.ShadowQuality:5]]
[2020.03.30-16.44.39:697][  0]LogConfig: Setting CVar [[r.Shadow.CSM.MaxCascades:10]]
[2020.03.30-16.44.39:697][  0]LogConfig: Setting CVar [[r.Shadow.MaxResolution:2048]]
[2020.03.30-16.44.39:697][  0]LogConfig: Setting CVar [[r.Shadow.MaxCSMResolution:2048]]
[2020.03.30-16.44.39:697][  0]LogConfig: Setting CVar [[r.Shadow.RadiusThreshold:0.01]]
[2020.03.30-16.44.39:697][  0]LogConfig: Setting CVar [[r.Shadow.DistanceScale:1.0]]
[2020.03.30-16.44.39:698][  0]LogConfig: Setting CVar [[r.Shadow.CSM.TransitionScale:1.0]]
[2020.03.30-16.44.39:698][  0]LogConfig: Setting CVar [[r.Shadow.PreShadowResolutionFactor:1.0]]
[2020.03.30-16.44.39:698][  0]LogConfig: Setting CVar [[r.DistanceFieldShadowing:1]]
[2020.03.30-16.44.39:698][  0]LogConfig: Setting CVar [[r.DistanceFieldAO:1]]
[2020.03.30-16.44.39:698][  0]LogConfig: Setting CVar [[r.AOQuality:2]]
[2020.03.30-16.44.39:698][  0]LogConfig: Setting CVar [[r.VolumetricFog:1]]
[2020.03.30-16.44.39:698][  0]LogConfig: Setting CVar [[r.VolumetricFog.GridPixelSize:8]]
[2020.03.30-16.44.39:698][  0]LogConfig: Setting CVar [[r.VolumetricFog.GridSizeZ:128]]
[2020.03.30-16.44.39:698][  0]LogConfig: Setting CVar [[r.VolumetricFog.HistoryMissSupersampleCount:4]]
[2020.03.30-16.44.39:698][  0]LogConfig: Setting CVar [[r.LightMaxDrawDistanceScale:1]]
[2020.03.30-16.44.39:698][  0]LogConfig: Setting CVar [[r.CapsuleShadows:1]]
[2020.03.30-16.44.39:699][  0]LogConfig: Applying CVar settings from Section [PostProcessQuality@3] File [C:/Users/sergi/Documents/GitHub/Unreal/ExamenFinal_MotorsDeJoc/ExamenFinal_MotorsDeJoc/ExamenFinal_Motors/Saved/Config/Windows/Scalability.ini]
[2020.03.30-16.44.39:699][  0]LogConfig: Setting CVar [[r.MotionBlurQuality:4]]
[2020.03.30-16.44.39:699][  0]LogConfig: Setting CVar [[r.AmbientOcclusionMipLevelFactor:0.4]]
[2020.03.30-16.44.39:699][  0]LogConfig: Setting CVar [[r.AmbientOcclusionMaxQuality:100]]
[2020.03.30-16.44.39:699][  0]LogConfig: Setting CVar [[r.AmbientOcclusionLevels:-1]]
[2020.03.30-16.44.39:699][  0]LogConfig: Setting CVar [[r.AmbientOcclusionRadiusScale:1.0]]
[2020.03.30-16.44.39:699][  0]LogConfig: Setting CVar [[r.DepthOfFieldQuality:2]]
[2020.03.30-16.44.39:699][  0]LogConfig: Setting CVar [[r.RenderTargetPoolMin:400]]
[2020.03.30-16.44.39:699][  0]LogConfig: Setting CVar [[r.LensFlareQuality:2]]
[2020.03.30-16.44.39:699][  0]LogConfig: Setting CVar [[r.SceneColorFringeQuality:1]]
[2020.03.30-16.44.39:699][  0]LogConfig: Setting CVar [[r.EyeAdaptationQuality:2]]
[2020.03.30-16.44.39:699][  0]LogConfig: Setting CVar [[r.BloomQuality:5]]
[2020.03.30-16.44.39:700][  0]LogConfig: Setting CVar [[r.FastBlurThreshold:100]]
[2020.03.30-16.44.39:700][  0]LogConfig: Setting CVar [[r.Upscale.Quality:3]]
[2020.03.30-16.44.39:700][  0]LogConfig: Setting CVar [[r.Tonemapper.GrainQuantization:1]]
[2020.03.30-16.44.39:700][  0]LogConfig: Setting CVar [[r.LightShaftQuality:1]]
[2020.03.30-16.44.39:700][  0]LogConfig: Setting CVar [[r.Filter.SizeScale:1]]
[2020.03.30-16.44.39:700][  0]LogConfig: Setting CVar [[r.Tonemapper.Quality:5]]
[2020.03.30-16.44.39:700][  0]LogConfig: Setting CVar [[r.DOF.Gather.AccumulatorQuality:1        ; higher gathering accumulator quality]]
[2020.03.30-16.44.39:700][  0]LogConfig: Setting CVar [[r.DOF.Gather.PostfilterMethod:1          ; Median3x3 postfilering method]]
[2020.03.30-16.44.39:700][  0]LogConfig: Setting CVar [[r.DOF.Gather.EnableBokehSettings:0       ; no bokeh simulation when gathering]]
[2020.03.30-16.44.39:700][  0]LogConfig: Setting CVar [[r.DOF.Gather.RingCount:4                 ; medium number of samples when gathering]]
[2020.03.30-16.44.39:700][  0]LogConfig: Setting CVar [[r.DOF.Scatter.ForegroundCompositing:1    ; additive foreground scattering]]
[2020.03.30-16.44.39:701][  0]LogConfig: Setting CVar [[r.DOF.Scatter.BackgroundCompositing:2    ; additive background scattering]]
[2020.03.30-16.44.39:701][  0]LogConfig: Setting CVar [[r.DOF.Scatter.EnableBokehSettings:1      ; bokeh simulation when scattering]]
[2020.03.30-16.44.39:701][  0]LogConfig: Setting CVar [[r.DOF.Scatter.MaxSpriteRatio:0.1         ; only a maximum of 10% of scattered bokeh]]
[2020.03.30-16.44.39:701][  0]LogConfig: Setting CVar [[r.DOF.Recombine.Quality:1                ; cheap slight out of focus]]
[2020.03.30-16.44.39:701][  0]LogConfig: Setting CVar [[r.DOF.Recombine.EnableBokehSettings:0    ; no bokeh simulation on slight out of focus]]
[2020.03.30-16.44.39:701][  0]LogConfig: Setting CVar [[r.DOF.TemporalAAQuality:1                ; more stable temporal accumulation]]
[2020.03.30-16.44.39:701][  0]LogConfig: Setting CVar [[r.DOF.Kernel.MaxForegroundRadius:0.025]]
[2020.03.30-16.44.39:701][  0]LogConfig: Setting CVar [[r.DOF.Kernel.MaxBackgroundRadius:0.025]]
[2020.03.30-16.44.39:701][  0]LogConfig: Applying CVar settings from Section [TextureQuality@3] File [C:/Users/sergi/Documents/GitHub/Unreal/ExamenFinal_MotorsDeJoc/ExamenFinal_MotorsDeJoc/ExamenFinal_Motors/Saved/Config/Windows/Scalability.ini]
[2020.03.30-16.44.39:701][  0]LogConfig: Setting CVar [[r.Streaming.MipBias:0]]
[2020.03.30-16.44.39:701][  0]LogConfig: Setting CVar [[r.Streaming.AmortizeCPUToGPUCopy:0]]
[2020.03.30-16.44.39:701][  0]LogConfig: Setting CVar [[r.Streaming.MaxNumTexturesToStreamPerFrame:0]]
[2020.03.30-16.44.39:701][  0]LogConfig: Setting CVar [[r.Streaming.Boost:1]]
[2020.03.30-16.44.39:701][  0]LogConfig: Setting CVar [[r.MaxAnisotropy:8]]
[2020.03.30-16.44.39:701][  0]LogConfig: Setting CVar [[r.VT.MaxAnisotropy:8]]
[2020.03.30-16.44.39:701][  0]LogConfig: Setting CVar [[r.Streaming.LimitPoolSizeToVRAM:0]]
[2020.03.30-16.44.39:701][  0]LogConfig: Setting CVar [[r.Streaming.PoolSize:1000]]
[2020.03.30-16.44.39:701][  0]LogConfig: Setting CVar [[r.Streaming.MaxEffectiveScreenSize:0]]
[2020.03.30-16.44.39:702][  0]LogConfig: Applying CVar settings from Section [EffectsQuality@3] File [C:/Users/sergi/Documents/GitHub/Unreal/ExamenFinal_MotorsDeJoc/ExamenFinal_MotorsDeJoc/ExamenFinal_Motors/Saved/Config/Windows/Scalability.ini]
[2020.03.30-16.44.39:702][  0]LogConfig: Setting CVar [[r.TranslucencyLightingVolumeDim:64]]
[2020.03.30-16.44.39:702][  0]LogConfig: Setting CVar [[r.RefractionQuality:2]]
[2020.03.30-16.44.39:702][  0]LogConfig: Setting CVar [[r.SSR.Quality:3]]
[2020.03.30-16.44.39:702][  0]LogConfig: Setting CVar [[r.SSR.HalfResSceneColor:0]]
[2020.03.30-16.44.39:702][  0]LogConfig: Setting CVar [[r.SceneColorFormat:4]]
[2020.03.30-16.44.39:702][  0]LogConfig: Setting CVar [[r.DetailMode:2]]
[2020.03.30-16.44.39:702][  0]LogConfig: Setting CVar [[r.TranslucencyVolumeBlur:1]]
[2020.03.30-16.44.39:702][  0]LogConfig: Setting CVar [[r.MaterialQualityLevel:1 ; High quality]]
[2020.03.30-16.44.39:702][  0]LogConfig: Setting CVar [[r.SSS.Scale:1]]
[2020.03.30-16.44.39:702][  0]LogConfig: Setting CVar [[r.SSS.SampleSet:2]]
[2020.03.30-16.44.39:702][  0]LogConfig: Setting CVar [[r.SSS.Quality:1]]
[2020.03.30-16.44.39:702][  0]LogConfig: Setting CVar [[r.SSS.HalfRes:1]]
[2020.03.30-16.44.39:702][  0]LogConfig: Setting CVar [[r.SSGI.Quality:3]]
[2020.03.30-16.44.39:702][  0]LogConfig: Setting CVar [[r.EmitterSpawnRateScale:1.0]]
[2020.03.30-16.44.39:702][  0]LogConfig: Setting CVar [[r.ParticleLightQuality:2]]
[2020.03.30-16.44.39:702][  0]LogConfig: Setting CVar [[r.SkyAtmosphere.AerialPerspectiveLUT.FastApplyOnOpaque:1 ; Always have FastSkyLUT 1 in this case to avoid wrong sky]]
[2020.03.30-16.44.39:702][  0]LogConfig: Setting CVar [[r.SkyAtmosphere.AerialPerspectiveLUT.SampleCountPerSlice:1]]
[2020.03.30-16.44.39:702][  0]LogConfig: Setting CVar [[r.SkyAtmosphere.AerialPerspectiveLUT.DepthResolution:16.0]]
[2020.03.30-16.44.39:702][  0]LogConfig: Setting CVar [[r.SkyAtmosphere.FastSkyLUT:1]]
[2020.03.30-16.44.39:703][  0]LogConfig: Setting CVar [[r.SkyAtmosphere.FastSkyLUT.SampleCountMin:4.0]]
[2020.03.30-16.44.39:703][  0]LogConfig: Setting CVar [[r.SkyAtmosphere.FastSkyLUT.SampleCountMax:32.0]]
[2020.03.30-16.44.39:703][  0]LogConfig: Setting CVar [[r.SkyAtmosphere.SampleCountMin:4.0]]
[2020.03.30-16.44.39:703][  0]LogConfig: Setting CVar [[r.SkyAtmosphere.SampleCountMax:32.0]]
[2020.03.30-16.44.39:703][  0]LogConfig: Setting CVar [[r.SkyAtmosphere.TransmittanceLUT.UseSmallFormat:0]]
[2020.03.30-16.44.39:703][  0]LogConfig: Setting CVar [[r.SkyAtmosphere.TransmittanceLUT.SampleCount:10.0]]
[2020.03.30-16.44.39:703][  0]LogConfig: Setting CVar [[r.SkyAtmosphere.MultiScatteringLUT.SampleCount:15.0]]
[2020.03.30-16.44.39:703][  0]LogConfig: Applying CVar settings from Section [FoliageQuality@3] File [C:/Users/sergi/Documents/GitHub/Unreal/ExamenFinal_MotorsDeJoc/ExamenFinal_MotorsDeJoc/ExamenFinal_Motors/Saved/Config/Windows/Scalability.ini]
[2020.03.30-16.44.39:703][  0]LogConfig: Setting CVar [[foliage.DensityScale:1.0]]
[2020.03.30-16.44.39:703][  0]LogConfig: Setting CVar [[grass.DensityScale:1.0]]
[2020.03.30-16.44.39:703][  0]LogConfig: Applying CVar settings from Section [ShadingQuality@3] File [C:/Users/sergi/Documents/GitHub/Unreal/ExamenFinal_MotorsDeJoc/ExamenFinal_MotorsDeJoc/ExamenFinal_Motors/Saved/Config/Windows/Scalability.ini]
[2020.03.30-16.44.39:704][  0]LogConfig: Setting CVar [[r.HairStrands.SkyLighting.SampleCount:16]]
[2020.03.30-16.44.39:704][  0]LogConfig: Setting CVar [[r.HairStrands.SkyLighting.JitterIntegration:0]]
[2020.03.30-16.44.39:704][  0]LogConfig: Setting CVar [[r.HairStrands.SkyAO.SampleCount:16]]
[2020.03.30-16.44.39:720][  0]LogInit: Selected Device Profile: [Windows]
[2020.03.30-16.44.39:728][  0]LogInit: Applying CVar settings loaded from the selected device profile: [Windows]
[2020.03.30-16.44.39:971][  0]LogHAL: Display: Platform has ~ 16 GB [17039978496 / 17179869184 / 16], which maps to Larger [LargestMinGB=32, LargerMinGB=12, DefaultMinGB=8, SmallerMinGB=6, SmallestMinGB=0)
[2020.03.30-16.44.39:971][  0]LogInit: Going up to parent DeviceProfile []
[2020.03.30-16.44.39:972][  0]LogConfig: Applying CVar settings from Section [ViewDistanceQuality@3] File [C:/Users/sergi/Documents/GitHub/Unreal/ExamenFinal_MotorsDeJoc/ExamenFinal_MotorsDeJoc/ExamenFinal_Motors/Saved/Config/Windows/Scalability.ini]
[2020.03.30-16.44.39:972][  0]LogConfig: Setting CVar [[r.SkeletalMeshLODBias:0]]
[2020.03.30-16.44.39:972][  0]LogConfig: Setting CVar [[r.ViewDistanceScale:1.0]]
[2020.03.30-16.44.39:972][  0]LogConfig: Applying CVar settings from Section [AntiAliasingQuality@3] File [C:/Users/sergi/Documents/GitHub/Unreal/ExamenFinal_MotorsDeJoc/ExamenFinal_MotorsDeJoc/ExamenFinal_Motors/Saved/Config/Windows/Scalability.ini]
[2020.03.30-16.44.39:972][  0]LogConfig: Setting CVar [[r.PostProcessAAQuality:4]]
[2020.03.30-16.44.39:972][  0]LogConfig: Applying CVar settings from Section [ShadowQuality@3] File [C:/Users/sergi/Documents/GitHub/Unreal/ExamenFinal_MotorsDeJoc/ExamenFinal_MotorsDeJoc/ExamenFinal_Motors/Saved/Config/Windows/Scalability.ini]
[2020.03.30-16.44.39:972][  0]LogConfig: Setting CVar [[r.LightFunctionQuality:1]]
[2020.03.30-16.44.39:972][  0]LogConfig: Setting CVar [[r.ShadowQuality:5]]
[2020.03.30-16.44.39:972][  0]LogConfig: Setting CVar [[r.Shadow.CSM.MaxCascades:10]]
[2020.03.30-16.44.39:972][  0]LogConfig: Setting CVar [[r.Shadow.MaxResolution:2048]]
[2020.03.30-16.44.39:972][  0]LogConfig: Setting CVar [[r.Shadow.MaxCSMResolution:2048]]
[2020.03.30-16.44.39:972][  0]LogConfig: Setting CVar [[r.Shadow.RadiusThreshold:0.01]]
[2020.03.30-16.44.39:972][  0]LogConfig: Setting CVar [[r.Shadow.DistanceScale:1.0]]
[2020.03.30-16.44.39:972][  0]LogConfig: Setting CVar [[r.Shadow.CSM.TransitionScale:1.0]]
[2020.03.30-16.44.39:972][  0]LogConfig: Setting CVar [[r.Shadow.PreShadowResolutionFactor:1.0]]
[2020.03.30-16.44.39:972][  0]LogConfig: Setting CVar [[r.DistanceFieldShadowing:1]]
[2020.03.30-16.44.39:972][  0]LogConfig: Setting CVar [[r.DistanceFieldAO:1]]
[2020.03.30-16.44.39:972][  0]LogConfig: Setting CVar [[r.AOQuality:2]]
[2020.03.30-16.44.39:972][  0]LogConfig: Setting CVar [[r.VolumetricFog:1]]
[2020.03.30-16.44.39:972][  0]LogConfig: Setting CVar [[r.VolumetricFog.GridPixelSize:8]]
[2020.03.30-16.44.39:972][  0]LogConfig: Setting CVar [[r.VolumetricFog.GridSizeZ:128]]
[2020.03.30-16.44.39:972][  0]LogConfig: Setting CVar [[r.VolumetricFog.HistoryMissSupersampleCount:4]]
[2020.03.30-16.44.39:972][  0]LogConfig: Setting CVar [[r.LightMaxDrawDistanceScale:1]]
[2020.03.30-16.44.39:972][  0]LogConfig: Setting CVar [[r.CapsuleShadows:1]]
[2020.03.30-16.44.39:972][  0]LogConfig: Applying CVar settings from Section [PostProcessQuality@3] File [C:/Users/sergi/Documents/GitHub/Unreal/ExamenFinal_MotorsDeJoc/ExamenFinal_MotorsDeJoc/ExamenFinal_Motors/Saved/Config/Windows/Scalability.ini]
[2020.03.30-16.44.39:972][  0]LogConfig: Setting CVar [[r.MotionBlurQuality:4]]
[2020.03.30-16.44.39:972][  0]LogConfig: Setting CVar [[r.AmbientOcclusionMipLevelFactor:0.4]]
[2020.03.30-16.44.39:972][  0]LogConfig: Setting CVar [[r.AmbientOcclusionMaxQuality:100]]
[2020.03.30-16.44.39:972][  0]LogConfig: Setting CVar [[r.AmbientOcclusionLevels:-1]]
[2020.03.30-16.44.39:972][  0]LogConfig: Setting CVar [[r.AmbientOcclusionRadiusScale:1.0]]
[2020.03.30-16.44.39:972][  0]LogConfig: Setting CVar [[r.DepthOfFieldQuality:2]]
[2020.03.30-16.44.39:972][  0]LogConfig: Setting CVar [[r.RenderTargetPoolMin:400]]
[2020.03.30-16.44.39:972][  0]LogConfig: Setting CVar [[r.LensFlareQuality:2]]
[2020.03.30-16.44.39:972][  0]LogConfig: Setting CVar [[r.SceneColorFringeQuality:1]]
[2020.03.30-16.44.39:972][  0]LogConfig: Setting CVar [[r.EyeAdaptationQuality:2]]
[2020.03.30-16.44.39:972][  0]LogConfig: Setting CVar [[r.BloomQuality:5]]
[2020.03.30-16.44.39:972][  0]LogConfig: Setting CVar [[r.FastBlurThreshold:100]]
[2020.03.30-16.44.39:973][  0]LogConfig: Setting CVar [[r.Upscale.Quality:3]]
[2020.03.30-16.44.39:973][  0]LogConfig: Setting CVar [[r.Tonemapper.GrainQuantization:1]]
[2020.03.30-16.44.39:973][  0]LogConfig: Setting CVar [[r.LightShaftQuality:1]]
[2020.03.30-16.44.39:973][  0]LogConfig: Setting CVar [[r.Filter.SizeScale:1]]
[2020.03.30-16.44.39:973][  0]LogConfig: Setting CVar [[r.Tonemapper.Quality:5]]
[2020.03.30-16.44.39:973][  0]LogConfig: Setting CVar [[r.DOF.Gather.AccumulatorQuality:1        ; higher gathering accumulator quality]]
[2020.03.30-16.44.39:973][  0]LogConfig: Setting CVar [[r.DOF.Gather.PostfilterMethod:1          ; Median3x3 postfilering method]]
[2020.03.30-16.44.39:973][  0]LogConfig: Setting CVar [[r.DOF.Gather.EnableBokehSettings:0       ; no bokeh simulation when gathering]]
[2020.03.30-16.44.39:973][  0]LogConfig: Setting CVar [[r.DOF.Gather.RingCount:4                 ; medium number of samples when gathering]]
[2020.03.30-16.44.39:973][  0]LogConfig: Setting CVar [[r.DOF.Scatter.ForegroundCompositing:1    ; additive foreground scattering]]
[2020.03.30-16.44.39:973][  0]LogConfig: Setting CVar [[r.DOF.Scatter.BackgroundCompositing:2    ; additive background scattering]]
[2020.03.30-16.44.39:973][  0]LogConfig: Setting CVar [[r.DOF.Scatter.EnableBokehSettings:1      ; bokeh simulation when scattering]]
[2020.03.30-16.44.39:973][  0]LogConfig: Setting CVar [[r.DOF.Scatter.MaxSpriteRatio:0.1         ; only a maximum of 10% of scattered bokeh]]
[2020.03.30-16.44.39:973][  0]LogConfig: Setting CVar [[r.DOF.Recombine.Quality:1                ; cheap slight out of focus]]
[2020.03.30-16.44.39:973][  0]LogConfig: Setting CVar [[r.DOF.Recombine.EnableBokehSettings:0    ; no bokeh simulation on slight out of focus]]
[2020.03.30-16.44.39:973][  0]LogConfig: Setting CVar [[r.DOF.TemporalAAQuality:1                ; more stable temporal accumulation]]
[2020.03.30-16.44.39:973][  0]LogConfig: Setting CVar [[r.DOF.Kernel.MaxForegroundRadius:0.025]]
[2020.03.30-16.44.39:973][  0]LogConfig: Setting CVar [[r.DOF.Kernel.MaxBackgroundRadius:0.025]]
[2020.03.30-16.44.39:973][  0]LogConfig: Applying CVar settings from Section [TextureQuality@3] File [C:/Users/sergi/Documents/GitHub/Unreal/ExamenFinal_MotorsDeJoc/ExamenFinal_MotorsDeJoc/ExamenFinal_Motors/Saved/Config/Windows/Scalability.ini]
[2020.03.30-16.44.39:973][  0]LogConfig: Setting CVar [[r.Streaming.MipBias:0]]
[2020.03.30-16.44.39:973][  0]LogConfig: Setting CVar [[r.Streaming.AmortizeCPUToGPUCopy:0]]
[2020.03.30-16.44.39:973][  0]LogConfig: Setting CVar [[r.Streaming.MaxNumTexturesToStreamPerFrame:0]]
[2020.03.30-16.44.39:973][  0]LogConfig: Setting CVar [[r.Streaming.Boost:1]]
[2020.03.30-16.44.39:973][  0]LogConfig: Setting CVar [[r.MaxAnisotropy:8]]
[2020.03.30-16.44.39:973][  0]LogConfig: Setting CVar [[r.VT.MaxAnisotropy:8]]
[2020.03.30-16.44.39:973][  0]LogConfig: Setting CVar [[r.Streaming.LimitPoolSizeToVRAM:0]]
[2020.03.30-16.44.39:973][  0]LogConfig: Setting CVar [[r.Streaming.PoolSize:1000]]
[2020.03.30-16.44.39:973][  0]LogConfig: Setting CVar [[r.Streaming.MaxEffectiveScreenSize:0]]
[2020.03.30-16.44.39:973][  0]LogConfig: Applying CVar settings from Section [EffectsQuality@3] File [C:/Users/sergi/Documents/GitHub/Unreal/ExamenFinal_MotorsDeJoc/ExamenFinal_MotorsDeJoc/ExamenFinal_Motors/Saved/Config/Windows/Scalability.ini]
[2020.03.30-16.44.39:973][  0]LogConfig: Setting CVar [[r.TranslucencyLightingVolumeDim:64]]
[2020.03.30-16.44.39:973][  0]LogConfig: Setting CVar [[r.RefractionQuality:2]]
[2020.03.30-16.44.39:973][  0]LogConfig: Setting CVar [[r.SSR.Quality:3]]
[2020.03.30-16.44.39:973][  0]LogConfig: Setting CVar [[r.SSR.HalfResSceneColor:0]]
[2020.03.30-16.44.39:974][  0]LogConfig: Setting CVar [[r.SceneColorFormat:4]]
[2020.03.30-16.44.39:974][  0]LogConfig: Setting CVar [[r.DetailMode:2]]
[2020.03.30-16.44.39:974][  0]LogConfig: Setting CVar [[r.TranslucencyVolumeBlur:1]]
[2020.03.30-16.44.39:974][  0]LogConfig: Setting CVar [[r.MaterialQualityLevel:1 ; High quality]]
[2020.03.30-16.44.39:974][  0]LogConfig: Setting CVar [[r.SSS.Scale:1]]
[2020.03.30-16.44.39:974][  0]LogConfig: Setting CVar [[r.SSS.SampleSet:2]]
[2020.03.30-16.44.39:974][  0]LogConfig: Setting CVar [[r.SSS.Quality:1]]
[2020.03.30-16.44.39:974][  0]LogConfig: Setting CVar [[r.SSS.HalfRes:1]]
[2020.03.30-16.44.39:974][  0]LogConfig: Setting CVar [[r.SSGI.Quality:3]]
[2020.03.30-16.44.39:974][  0]LogConfig: Setting CVar [[r.EmitterSpawnRateScale:1.0]]
[2020.03.30-16.44.39:974][  0]LogConfig: Setting CVar [[r.ParticleLightQuality:2]]
[2020.03.30-16.44.39:974][  0]LogConfig: Setting CVar [[r.SkyAtmosphere.AerialPerspectiveLUT.FastApplyOnOpaque:1 ; Always have FastSkyLUT 1 in this case to avoid wrong sky]]
[2020.03.30-16.44.39:974][  0]LogConfig: Setting CVar [[r.SkyAtmosphere.AerialPerspectiveLUT.SampleCountPerSlice:1]]
[2020.03.30-16.44.39:974][  0]LogConfig: Setting CVar [[r.SkyAtmosphere.AerialPerspectiveLUT.DepthResolution:16.0]]
[2020.03.30-16.44.39:974][  0]LogConfig: Setting CVar [[r.SkyAtmosphere.FastSkyLUT:1]]
[2020.03.30-16.44.39:974][  0]LogConfig: Setting CVar [[r.SkyAtmosphere.FastSkyLUT.SampleCountMin:4.0]]
[2020.03.30-16.44.39:974][  0]LogConfig: Setting CVar [[r.SkyAtmosphere.FastSkyLUT.SampleCountMax:32.0]]
[2020.03.30-16.44.39:974][  0]LogConfig: Setting CVar [[r.SkyAtmosphere.SampleCountMin:4.0]]
[2020.03.30-16.44.39:974][  0]LogConfig: Setting CVar [[r.SkyAtmosphere.SampleCountMax:32.0]]
[2020.03.30-16.44.39:974][  0]LogConfig: Setting CVar [[r.SkyAtmosphere.TransmittanceLUT.UseSmallFormat:0]]
[2020.03.30-16.44.39:974][  0]LogConfig: Setting CVar [[r.SkyAtmosphere.TransmittanceLUT.SampleCount:10.0]]
[2020.03.30-16.44.39:974][  0]LogConfig: Setting CVar [[r.SkyAtmosphere.MultiScatteringLUT.SampleCount:15.0]]
[2020.03.30-16.44.39:974][  0]LogConfig: Applying CVar settings from Section [FoliageQuality@3] File [C:/Users/sergi/Documents/GitHub/Unreal/ExamenFinal_MotorsDeJoc/ExamenFinal_MotorsDeJoc/ExamenFinal_Motors/Saved/Config/Windows/Scalability.ini]
[2020.03.30-16.44.39:974][  0]LogConfig: Setting CVar [[foliage.DensityScale:1.0]]
[2020.03.30-16.44.39:974][  0]LogConfig: Setting CVar [[grass.DensityScale:1.0]]
[2020.03.30-16.44.39:974][  0]LogConfig: Applying CVar settings from Section [ShadingQuality@3] File [C:/Users/sergi/Documents/GitHub/Unreal/ExamenFinal_MotorsDeJoc/ExamenFinal_MotorsDeJoc/ExamenFinal_Motors/Saved/Config/Windows/Scalability.ini]
[2020.03.30-16.44.39:974][  0]LogConfig: Setting CVar [[r.HairStrands.SkyLighting.SampleCount:16]]
[2020.03.30-16.44.39:974][  0]LogConfig: Setting CVar [[r.HairStrands.SkyLighting.JitterIntegration:0]]
[2020.03.30-16.44.39:974][  0]LogConfig: Setting CVar [[r.HairStrands.SkyAO.SampleCount:16]]
[2020.03.30-16.44.39:975][  0]LogConfig: Applying CVar settings from Section [Startup] File [../../../Engine/Config/ConsoleVariables.ini]
[2020.03.30-16.44.40:001][  0]LogConfig: Setting CVar [[net.UseAdaptiveNetUpdateFrequency:0]]
[2020.03.30-16.44.40:001][  0]LogConfig: Setting CVar [[p.chaos.AllowCreatePhysxBodies:1]]
[2020.03.30-16.44.40:001][  0]LogConfig: Applying CVar settings from Section [ConsoleVariables] File [C:/Users/sergi/Documents/GitHub/Unreal/ExamenFinal_MotorsDeJoc/ExamenFinal_MotorsDeJoc/ExamenFinal_Motors/Saved/Config/Windows/Engine.ini]
[2020.03.30-16.44.40:020][  0]LogInit: Computer: LAPTOP-1K8APB7N
[2020.03.30-16.44.40:020][  0]LogInit: User: sergi
[2020.03.30-16.44.40:020][  0]LogInit: CPU Page size=4096, Cores=2
[2020.03.30-16.44.40:020][  0]LogInit: High frequency timer resolution =10.000000 MHz
[2020.03.30-16.44.40:021][  0]LogMemory: Memory total: Physical=15.9GB (16GB approx)
[2020.03.30-16.44.40:038][  0]LogMemory: Platform Memory Stats for Windows
[2020.03.30-16.44.40:038][  0]LogMemory: Process Physical Memory: 107.50 MB used, 107.50 MB peak
[2020.03.30-16.44.40:038][  0]LogMemory: Process Virtual Memory: 102.06 MB used, 102.06 MB peak
[2020.03.30-16.44.40:038][  0]LogMemory: Physical Memory: 4733.61 MB used,  11516.98 MB free, 16250.59 MB total
[2020.03.30-16.44.40:038][  0]LogMemory: Virtual Memory: 5116.70 MB used,  134212608.00 MB free, 134217728.00 MB total
[2020.03.30-16.44.40:076][  0]LogWindows: WindowsPlatformFeatures enabled
[2020.03.30-16.44.42:383][  0]LogInit: Overriding language with editor language configuration option (en).
[2020.03.30-16.44.42:383][  0]LogInit: Overriding locale with editor locale configuration option (en).
[2020.03.30-16.44.44:785][  0]LogInit: Setting process to per monitor DPI aware
[2020.03.30-16.44.47:112][  0]LogSlate: New Slate User Created.  User Index 0, Is Virtual User: 0
[2020.03.30-16.44.47:112][  0]LogSlate: Slate User Registered.  User Index 0, Is Virtual User: 0
[2020.03.30-16.45.06:568][  0]LogHMD: Failed to initialize OpenVR with code 110
[2020.03.30-16.45.06:568][  0]LogD3D11RHI: D3D11 min allowed feature level: 11_0
[2020.03.30-16.45.06:568][  0]LogD3D11RHI: D3D11 max allowed feature level: 11_0
[2020.03.30-16.45.06:568][  0]LogD3D11RHI: D3D11 adapters:
[2020.03.30-16.45.14:911][  0]LogD3D11RHI:    0. 'NVIDIA GeForce 940M' (Feature Level 11_0)
[2020.03.30-16.45.14:911][  0]LogD3D11RHI:       4059/0/8125 MB DedicatedVideo/DedicatedSystem/SharedSystem, Outputs:1, VendorId:0x10de
[2020.03.30-16.45.14:925][  0]LogD3D11RHI:    1. 'Intel(R) HD Graphics 520' (Feature Level 11_0)
[2020.03.30-16.45.14:925][  0]LogD3D11RHI:       128/0/8125 MB DedicatedVideo/DedicatedSystem/SharedSystem, Outputs:0, VendorId:0x8086
[2020.03.30-16.45.15:635][  0]LogD3D11RHI:    2. 'Microsoft Basic Render Driver' (Feature Level 11_0)
[2020.03.30-16.45.15:635][  0]LogD3D11RHI:       0/0/8125 MB DedicatedVideo/DedicatedSystem/SharedSystem, Outputs:0, VendorId:0x1414
[2020.03.30-16.45.15:635][  0]LogD3D11RHI: Chosen D3D11 Adapter: 0
[2020.03.30-16.45.15:889][  0]LogD3D11RHI: Creating new Direct3DDevice
[2020.03.30-16.45.15:908][  0]LogD3D11RHI:     GPU DeviceId: 0x1347 (for the marketing name, search the web for "GPU Device Id")
[2020.03.30-16.45.15:908][  0]LogWindows: EnumDisplayDevices:
[2020.03.30-16.45.15:909][  0]LogWindows:    0. 'Intel(R) HD Graphics 520' (P:1 D:1)
[2020.03.30-16.45.15:909][  0]LogWindows:    1. 'Intel(R) HD Graphics 520' (P:0 D:0)
[2020.03.30-16.45.15:910][  0]LogWindows:    2. 'Intel(R) HD Graphics 520' (P:0 D:0)
[2020.03.30-16.45.15:910][  0]LogWindows: DebugString: PrimaryIsNotTheChoosenAdapter PrimaryIsNotTheChoosenAdapter PrimaryIsNotTheChoosenAdapter FoundDriverCount:0 
[2020.03.30-16.45.15:910][  0]LogD3D11RHI:     Adapter Name: NVIDIA GeForce 940M
[2020.03.30-16.45.15:910][  0]LogD3D11RHI:   Driver Version: Unknown (internal:Unknown, unified:Unknown)
[2020.03.30-16.45.15:910][  0]LogD3D11RHI:      Driver Date: Unknown
[2020.03.30-16.45.15:910][  0]LogRHI: Texture pool is 2841 MB (70% of 4059 MB)
[2020.03.30-16.45.16:180][  0]LogD3D11RHI: RHI does not have support for 64 bit atomics
[2020.03.30-16.45.16:197][  0]LogD3D11RHI: Async texture creation enabled
[2020.03.30-16.45.16:746][  0]LogD3D11RHI: GPU Timing Frequency: 1000.000000 (Debug: 2 2)
[2020.03.30-16.45.19:248][  0]LogTargetPlatformManager: Display: Loaded TargetPlatform 'AllDesktop'
[2020.03.30-16.45.19:301][  0]LogTargetPlatformManager: Display: Loaded TargetPlatform 'Android'
[2020.03.30-16.45.19:301][  0]LogTargetPlatformManager: Display: Loaded TargetPlatform 'Android_ASTC'
[2020.03.30-16.45.19:301][  0]LogTargetPlatformManager: Display: Loaded TargetPlatform 'Android_ATC'
[2020.03.30-16.45.19:301][  0]LogTargetPlatformManager: Display: Loaded TargetPlatform 'Android_DXT'
[2020.03.30-16.45.19:301][  0]LogTargetPlatformManager: Display: Loaded TargetPlatform 'Android_ETC1'
[2020.03.30-16.45.19:301][  0]LogTargetPlatformManager: Display: Loaded TargetPlatform 'Android_ETC1a'
[2020.03.30-16.45.19:301][  0]LogTargetPlatformManager: Display: Loaded TargetPlatform 'Android_ETC2'
[2020.03.30-16.45.19:302][  0]LogTargetPlatformManager: Display: Loaded TargetPlatform 'Android_PVRTC'
[2020.03.30-16.45.19:302][  0]LogTargetPlatformManager: Display: Loaded TargetPlatform 'AndroidClient'
[2020.03.30-16.45.19:302][  0]LogTargetPlatformManager: Display: Loaded TargetPlatform 'Android_ASTCClient'
[2020.03.30-16.45.19:302][  0]LogTargetPlatformManager: Display: Loaded TargetPlatform 'Android_ATCClient'
[2020.03.30-16.45.19:302][  0]LogTargetPlatformManager: Display: Loaded TargetPlatform 'Android_DXTClient'
[2020.03.30-16.45.19:302][  0]LogTargetPlatformManager: Display: Loaded TargetPlatform 'Android_ETC1Client'
[2020.03.30-16.45.19:302][  0]LogTargetPlatformManager: Display: Loaded TargetPlatform 'Android_ETC1aClient'
[2020.03.30-16.45.19:302][  0]LogTargetPlatformManager: Display: Loaded TargetPlatform 'Android_ETC2Client'
[2020.03.30-16.45.19:302][  0]LogTargetPlatformManager: Display: Loaded TargetPlatform 'Android_PVRTCClient'
[2020.03.30-16.45.19:302][  0]LogTargetPlatformManager: Display: Loaded TargetPlatform 'Android_Multi'
[2020.03.30-16.45.19:302][  0]LogTargetPlatformManager: Display: Loaded TargetPlatform 'Android_MultiClient'
[2020.03.30-16.45.19:342][  0]LogTargetPlatformManager: Display: Loaded TargetPlatform 'IOSClient'
[2020.03.30-16.45.19:342][  0]LogTargetPlatformManager: Display: Loaded TargetPlatform 'IOS'
[2020.03.30-16.45.19:460][  0]LogTargetPlatformManager: Display: Loaded TargetPlatform 'LinuxNoEditor'
[2020.03.30-16.45.19:514][  0]LogTargetPlatformManager: Display: Loaded TargetPlatform 'LinuxClient'
[2020.03.30-16.45.19:536][  0]LogTargetPlatformManager: Display: Loaded TargetPlatform 'LinuxServer'
[2020.03.30-16.45.19:592][  0]LogTargetPlatformManager: Display: Loaded TargetPlatform 'LinuxAArch64NoEditor'
[2020.03.30-16.45.19:770][  0]LogTargetPlatformManager: Display: Loaded TargetPlatform 'LinuxAArch64Client'
[2020.03.30-16.45.19:814][  0]LogTargetPlatformManager: Display: Loaded TargetPlatform 'LinuxAArch64Server'
[2020.03.30-16.45.19:867][  0]LogTargetPlatformManager: Display: Loaded TargetPlatform 'Lumin'
[2020.03.30-16.45.19:867][  0]LogTargetPlatformManager: Display: Loaded TargetPlatform 'LuminClient'
[2020.03.30-16.45.19:998][  0]LogTargetPlatformManager: Display: Loaded TargetPlatform 'TVOSClient'
[2020.03.30-16.45.19:998][  0]LogTargetPlatformManager: Display: Loaded TargetPlatform 'TVOS'
[2020.03.30-16.45.20:104][  0]LogTargetPlatformManager: Display: Loaded TargetPlatform 'WindowsNoEditor'
[2020.03.30-16.45.20:139][  0]LogTargetPlatformManager: Display: Loaded TargetPlatform 'Windows'
[2020.03.30-16.45.20:186][  0]LogTargetPlatformManager: Display: Loaded TargetPlatform 'WindowsClient'
[2020.03.30-16.45.20:261][  0]LogTargetPlatformManager: Display: Loaded TargetPlatform 'WindowsServer'
[2020.03.30-16.45.20:261][  0]LogTargetPlatformManager: Display: Building Assets For Windows
[2020.03.30-16.45.20:411][  0]LogAudioDebug: Display: Lib vorbis DLL was dynamically loaded.
[2020.03.30-16.45.21:195][  0]LogShaderCompilers: Guid format shader working directory is -75 characters bigger than the processId version (../../../../../../Users/sergi/Documents/GitHub/Unreal/ExamenFinal_MotorsDeJoc/ExamenFinal_MotorsDeJoc/ExamenFinal_Motors/Intermediate/Shaders/WorkingDirectory/12876/).
[2020.03.30-16.45.21:195][  0]LogShaderCompilers: Cleaned the shader compiler working directory 'C:/Users/sergi/AppData/Local/Temp/UnrealShaderWorkingDir/2DFBAB684ACBDC4384FF5C9773A6E26D/'.
[2020.03.30-16.45.21:251][  0]LogXGEController: Cleaning working directory: C:/Users/sergi/AppData/Local/Temp/UnrealXGEWorkingDir/
[2020.03.30-16.45.21:252][  0]LogXGEController: Cannot use XGE Controller as Incredibuild is not installed on this machine.
[2020.03.30-16.45.21:253][  0]LogShaderCompilers: Cannot use XGE Shader Compiler as Incredibuild is not installed on this machine.
[2020.03.30-16.45.21:253][  0]LogShaderCompilers: Display: Using Local Shader Compiler.
[2020.03.30-16.45.45:242][  0]LogDerivedDataCache: Display: Max Cache Size: 512 MB
[2020.03.30-16.45.46:514][  0]LogDerivedDataCache: Loaded boot cache 1.25s 78MB C:/Users/sergi/AppData/Local/UnrealEngine/4.24/DerivedDataCache/Boot.ddc.
[2020.03.30-16.45.46:514][  0]LogDerivedDataCache: Display: Loaded Boot cache: C:/Users/sergi/AppData/Local/UnrealEngine/4.24/DerivedDataCache/Boot.ddc
[2020.03.30-16.45.46:514][  0]LogDerivedDataCache: FDerivedDataBackendGraph:  Pak pak cache file ../../../../../../Users/sergi/Documents/GitHub/Unreal/ExamenFinal_MotorsDeJoc/ExamenFinal_MotorsDeJoc/ExamenFinal_Motors/DerivedDataCache/DDC.ddp not found, will not use a pak cache.
[2020.03.30-16.45.46:514][  0]LogDerivedDataCache: Unable to find inner node Pak for hierarchical cache Hierarchy.
[2020.03.30-16.45.46:514][  0]LogDerivedDataCache: FDerivedDataBackendGraph:  CompressedPak pak cache file ../../../../../../Users/sergi/Documents/GitHub/Unreal/ExamenFinal_MotorsDeJoc/ExamenFinal_MotorsDeJoc/ExamenFinal_Motors/DerivedDataCache/Compressed.ddp not found, will not use a pak cache.
[2020.03.30-16.45.46:514][  0]LogDerivedDataCache: Unable to find inner node CompressedPak for hierarchical cache Hierarchy.
[2020.03.30-16.45.46:663][  0]LogDerivedDataCache: Display: Pak cache opened for reading ../../../Engine/DerivedDataCache/Compressed.ddp.
[2020.03.30-16.45.46:664][  0]LogDerivedDataCache: FDerivedDataBackendGraph:  EnterprisePak pak cache file ../../../Enterprise/DerivedDataCache/Compressed.ddp not found, will not use a pak cache.
[2020.03.30-16.45.46:664][  0]LogDerivedDataCache: Unable to find inner node EnterprisePak for hierarchical cache Hierarchy.
[2020.03.30-16.45.46:808][  0]LogDerivedDataCache: Using Local data cache path C:/Users/sergi/AppData/Local/UnrealEngine/Common/DerivedDataCache: Writable
[2020.03.30-16.45.46:809][  0]LogDerivedDataCache: Shared data cache path not found in *engine.ini, will not use an Shared cache.
[2020.03.30-16.45.46:809][  0]LogDerivedDataCache: Unable to find inner node Shared for hierarchical cache Hierarchy.
[2020.03.30-16.45.47:002][  0]LogMaterial: Verifying Global Shaders for PCD3D_SM5
[2020.03.30-16.45.47:325][  0]LogSlate: Using FreeType 2.10.0
[2020.03.30-16.45.47:747][  0]LogSlate: SlateFontServices - WITH_FREETYPE: 1, WITH_HARFBUZZ: 1
[2020.03.30-16.45.52:553][  0]LogAssetRegistry: FAssetRegistry took 0.1773 seconds to start up
[2020.03.30-16.46.24:661][  0]LogInit: Selected Device Profile: [Windows]
[2020.03.30-16.46.35:998][  0]LogMeshReduction: Using QuadricMeshReduction for automatic static mesh reduction
[2020.03.30-16.46.35:999][  0]LogMeshReduction: Using SimplygonMeshReduction for automatic skeletal mesh reduction
[2020.03.30-16.46.35:999][  0]LogMeshReduction: Using ProxyLODMeshReduction for automatic mesh merging
[2020.03.30-16.46.35:999][  0]LogMeshReduction: No distributed automatic mesh merging module available
[2020.03.30-16.46.35:999][  0]LogMeshMerging: No distributed automatic mesh merging module available
[2020.03.30-16.46.38:712][  0]LogNetVersion: ExamenFinal_Motors 1.0.0, NetCL: 10570792, EngineNetVer: 13, GameNetVer: 0 (Checksum: 1770632536)
[2020.03.30-16.47.52:841][  0]LogAssetRegistry: Error: Failed to open file for write ../../../../../../Users/sergi/Documents/GitHub/Unreal/ExamenFinal_MotorsDeJoc/ExamenFinal_MotorsDeJoc/ExamenFinal_Motors/Intermediate/CachedAssetRegistry.bin
[2020.03.30-16.47.52:841][  0]LogPackageLocalizationCache: Processed 10 localized package path(s) for 1 prioritized culture(s) in 0.167831 seconds
[2020.03.30-16.47.52:972][  0]LogUObjectArray: 46750 objects as part of root set at end of initial load.
[2020.03.30-16.47.52:972][  0]LogUObjectAllocator: 8137160 out of 0 bytes used by permanent object pool.
[2020.03.30-16.47.52:972][  0]LogUObjectArray: CloseDisregardForGC: 0/0 objects in disregard for GC pool
[2020.03.30-16.48.00:786][  0]LogTcpMessaging: Initializing TcpMessaging bridge
[2020.03.30-16.48.00:860][  0]LogUdpMessaging: Initializing bridge on interface 0.0.0.0:0 to multicast group 230.0.0.1:6666.
[2020.03.30-16.48.01:920][  0]SourceControl: Source control is disabled
[2020.03.30-16.48.01:943][  0]SourceControl: Source control is disabled
[2020.03.30-16.48.01:997][  0]SourceControl: Source control is disabled
[2020.03.30-16.48.02:128][  0]SourceControl: Source control is disabled
[2020.03.30-16.48.02:162][  0]SourceControl: Source control is disabled
[2020.03.30-16.48.04:115][  0]LogAndroidPermission: UAndroidPermissionCallbackProxy::GetInstance
[2020.03.30-16.48.04:250][  0]LogAudioCaptureCore: Display: No Audio Capture implementations found. Audio input will be silent.
[2020.03.30-16.48.04:250][  0]LogAudioCaptureCore: Display: No Audio Capture implementations found. Audio input will be silent.
[2020.03.30-16.48.05:017][  0]LogOcInput: OculusInput pre-init called
[2020.03.30-16.48.05:274][  0]LogWindows: Failed to load 'OVRPlugin.dll' (GetLastError=126)
[2020.03.30-16.48.05:274][  0]LogWindows: File 'OVRPlugin.dll' does not exist
[2020.03.30-16.48.06:732][  0]LogEngine: Initializing Engine...
[2020.03.30-16.48.06:773][  0]LogHMD: Failed to initialize OpenVR with code 110
[2020.03.30-16.48.06:814][  0]LogStats: UGameplayTagsManager::InitializeManager -  0.012 s
[2020.03.30-16.48.09:338][  0]LogInit: Initializing FReadOnlyCVARCache
[2020.03.30-16.48.10:159][  0]LogAIModule: Creating AISystem for world Untitled
[2020.03.30-16.48.10:574][  0]LogAudioMixer: Display: Audio Mixer Platform Settings:
[2020.03.30-16.48.10:574][  0]LogAudioMixer: Display: 	Sample Rate:						  48000
[2020.03.30-16.48.10:574][  0]LogAudioMixer: Display: 	Callback Buffer Frame Size Requested: 1024
[2020.03.30-16.48.10:574][  0]LogAudioMixer: Display: 	Callback Buffer Frame Size To Use:	  1024
[2020.03.30-16.48.10:574][  0]LogAudioMixer: Display: 	Number of buffers to queue:			  2
[2020.03.30-16.48.10:574][  0]LogAudioMixer: Display: 	Max Channels (voices):				  32
[2020.03.30-16.48.10:574][  0]LogAudioMixer: Display: 	Number of Async Source Workers:		  0
[2020.03.30-16.48.10:574][  0]LogAudio: Display: AudioDevice MaxSources: 32
[2020.03.30-16.48.10:617][  0]LogAudio: Display: Using built-in audio occlusion.
[2020.03.30-16.48.10:617][  0]LogAudioMixer: Display: Initializing audio mixer.
[2020.03.30-16.48.10:735][  0]LogAudioMixer: Display: Audio Device Output Speaker Info:
[2020.03.30-16.48.10:735][  0]LogAudioMixer: Display: Name: Altavoces (Realtek High Definition Audio)
[2020.03.30-16.48.10:735][  0]LogAudioMixer: Display: Is Default: Yes
[2020.03.30-16.48.10:735][  0]LogAudioMixer: Display: Sample Rate: 48000
[2020.03.30-16.48.10:735][  0]LogAudioMixer: Display: Channel Count Used: 2
[2020.03.30-16.48.10:735][  0]LogAudioMixer: Display: Device Channel Count: 2
[2020.03.30-16.48.10:735][  0]LogAudioMixer: Display: Channel Order:
[2020.03.30-16.48.10:735][  0]LogAudioMixer: Display: 0: FrontLeft
[2020.03.30-16.48.10:735][  0]LogAudioMixer: Display: 1: FrontRight
[2020.03.30-16.48.11:372][  0]LogAudioMixer: Display: Using Audio Device Altavoces (Realtek High Definition Audio)
[2020.03.30-16.48.11:411][  0]LogInit: FAudioDevice initialized.
[2020.03.30-16.48.11:437][  0]LogNetVersion: Set ProjectVersion to 1.0.0.0. Version Checksum will be recalculated on next use.
[2020.03.30-16.48.11:447][  0]LogDerivedDataCache: Error: Could not save memory cache C:/Users/sergi/AppData/Local/UnrealEngine/4.24/DerivedDataCache/Boot.ddc.
[2020.03.30-16.48.11:449][  0]LogInit: Texture streaming: Enabled
[2020.03.30-16.48.12:332][  0]LogEngineSessionManager: EngineSessionManager initialized
[2020.03.30-16.48.12:372][  0]LogEngineSessionManager: EngineSessionManager sent abnormal shutdown report. Type=Crashed, SessionId={322930F8-48AF-69EF-F726-F4A4F0340052}
[2020.03.30-16.48.12:382][  0]LogEditorSessionSummary: Verbose: Initializing EditorSessionSummaryWriter for editor session tracking
[2020.03.30-16.48.12:408][  0]LogEditorSessionSummary: EditorSessionSummaryWriter initialized
[2020.03.30-16.48.14:932][  0]LogInit: Transaction tracking system initialized
[2020.03.30-16.48.17:096][  0]BlueprintLog: New page: Editor Load
[2020.03.30-16.48.23:521][  0]LocalizationService: Localization service is disabled
[2020.03.30-16.48.34:033][  0]LogFileCache: Scanning file cache for directory 'C:/Users/sergi/Documents/GitHub/Unreal/ExamenFinal_MotorsDeJoc/ExamenFinal_MotorsDeJoc/ExamenFinal_Motors/Content/' took 0.03s
[2020.03.30-16.48.34:033][  0]LogCook: Display: Max memory allowance for cook 16384mb min free memory 0mb
[2020.03.30-16.48.34:034][  0]LogCook: Display: Mobile HDR setting 1
[2020.03.30-16.48.53:977][  0]SourceControl: Source control is disabled
[2020.03.30-16.48.54:294][  0]LightingResults: New page: Lighting Build
[2020.03.30-16.48.54:805][  0]LogWorld: UWorld::CleanupWorld for Untitled, bSessionEnded=true, bCleanupResources=true
[2020.03.30-16.48.54:858][  0]LogSlate: InvalidateAllWidgets triggered.  All widgets were invalidated
[2020.03.30-16.48.55:016][  0]MapCheck: New page: Map Check
[2020.03.30-16.48.55:016][  0]LightingResults: New page: Lighting Build
[2020.03.30-16.48.56:310][  0]LogUObjectHash: Compacting FUObjectHashTables data took   4.03ms
[2020.03.30-16.49.06:276][  0]LogBlueprint: Error: [Compiler ThirdPersonCharacter] This blueprint (self) is not a AnimInstance, therefore ' Target ' must have a connection.
[2020.03.30-16.49.23:655][  0]LogAIModule: Creating AISystem for world ThirdPersonExampleMap
[2020.03.30-16.49.26:849][  0]LogEditorServer: Finished looking for orphan Actors (0.000 secs)
[2020.03.30-16.49.27:524][  0]LogUObjectHash: Compacting FUObjectHashTables data took   4.34ms
[2020.03.30-16.49.27:524][  0]Cmd: MAP CHECKDEP NOCLEARLOG
[2020.03.30-16.49.27:527][  0]MapCheck: Map check complete: 0 Error(s), 0 Warning(s), took 2.48ms to complete.
[2020.03.30-16.49.27:527][  0]LogFileHelpers: Loading map 'ThirdPersonExampleMap' took 33.529
[2020.03.30-16.49.43:357][  0]LogSlate: Updating window title bar state: overlay mode, drag disabled, window buttons hidden, title bar hidden
[2020.03.30-16.49.43:483][  0]LogSlate: Updating window title bar state: overlay mode, drag disabled, window buttons hidden, title bar hidden
[2020.03.30-16.49.44:470][  0]LogCollectionManager: Loaded 0 collections in 0.003121 seconds
[2020.03.30-16.49.45:290][  0]LogFileCache: Scanning file cache for directory 'C:/Users/sergi/Documents/GitHub/Unreal/ExamenFinal_MotorsDeJoc/ExamenFinal_MotorsDeJoc/ExamenFinal_Motors/Saved/Collections/' took 0.00s
[2020.03.30-16.49.45:290][  0]LogFileCache: Scanning file cache for directory 'C:/Users/sergi/Documents/GitHub/Unreal/ExamenFinal_MotorsDeJoc/ExamenFinal_MotorsDeJoc/ExamenFinal_Motors/Content/Developers/sergi/Collections/' took 0.00s
[2020.03.30-16.49.45:290][  0]LogFileCache: Scanning file cache for directory 'C:/Users/sergi/Documents/GitHub/Unreal/ExamenFinal_MotorsDeJoc/ExamenFinal_MotorsDeJoc/ExamenFinal_Motors/Content/Collections/' took 0.00s
[2020.03.30-16.49.45:290][  0]LogContentBrowser: Native class hierarchy populated in 0.0396 seconds. Added 3017 classes and 720 folders.
[2020.03.30-16.49.45:806][  0]LogContentBrowser: Native class hierarchy updated for 'WidgetCarousel' in 0.0003 seconds. Added 0 classes and 0 folders.
[2020.03.30-16.49.55:366][  0]LogContentBrowser: Native class hierarchy updated for 'AddContentDialog' in 0.0003 seconds. Added 0 classes and 0 folders.
[2020.03.30-16.49.57:995][  0]LogSlate: Took 0.055198 seconds to synchronously load lazily loaded font '../../../Engine/Content/Slate/Fonts/Roboto-Regular.ttf' (155K)
[2020.03.30-16.49.58:290][  0]LogSlate: Took 0.252311 seconds to synchronously load lazily loaded font '../../../Engine/Content/Slate/Fonts/Roboto-Bold.ttf' (160K)
[2020.03.30-16.49.58:505][  0]LogSlate: Took 0.176503 seconds to synchronously load lazily loaded font '../../../Engine/Content/Editor/Slate/Fonts/FontAwesome.ttf' (139K)
[2020.03.30-16.49.59:966][  0]LogRenderer: Reallocating scene render targets to support 400x384 Format 10 NumSamples 1 (Frame:1).
[2020.03.30-16.50.02:990][  0]LogContentBrowser: Native class hierarchy updated for 'HierarchicalLODOutliner' in 0.0004 seconds. Added 0 classes and 0 folders.
[2020.03.30-16.50.02:990][  0]LogLoad: (Engine Initialization) Total time: 574.22 seconds
[2020.03.30-16.50.02:990][  0]LogLoad: (Engine Initialization) Total Blueprint compile time: 0.00 seconds
[2020.03.30-16.50.03:919][  0]LogContentStreaming: Texture pool size now 1000 MB
[2020.03.30-16.50.04:602][  0]LogSlate: Took 0.155987 seconds to synchronously load lazily loaded font '../../../Engine/Content/Slate/Fonts/Roboto-Light.ttf' (167K)
[2020.03.30-16.50.17:504][ 91]LogAssetRegistry: Asset discovery search completed in 264.9717 seconds
[2020.03.30-16.50.17:510][ 91]LogCollectionManager: Fixed up redirectors for 0 collections in 0.000026 seconds (updated 0 objects)
[2020.03.30-16.50.23:913][417]LogSlate: Updating window title bar state: overlay mode, drag disabled, window buttons hidden, title bar hidden
[2020.03.30-16.50.23:987][418]LogRenderer: Reallocating scene render targets to support 808x384 Format 10 NumSamples 1 (Frame:243).
[2020.03.30-16.50.28:491][637]LogTemp: Repeating last play command: Selected Viewport
[2020.03.30-16.50.28:568][637]LogBlueprintUserMessages: Early PlayInEditor Detection: Level '/Game/ThirdPersonBP/Maps/ThirdPersonExampleMap.ThirdPersonExampleMap:PersistentLevel' has LevelScriptBlueprint '/Game/ThirdPersonBP/Maps/ThirdPersonExampleMap.ThirdPersonExampleMap:PersistentLevel.ThirdPersonExampleMap' with GeneratedClass '/Game/ThirdPersonBP/Maps/ThirdPersonExampleMap.ThirdPersonExampleMap_C' with ClassGeneratedBy '/Game/ThirdPersonBP/Maps/ThirdPersonExampleMap.ThirdPersonExampleMap:PersistentLevel.ThirdPersonExampleMap'
[2020.03.30-16.50.28:568][637]LogPlayLevel: PlayLevel: No blueprints needed recompiling
[2020.03.30-16.50.28:568][637]BlueprintLog: Warning: Blueprint failed to compile:  ThirdPersonCharacter
[2020.03.30-16.50.28:641][637]LogCustomDialog: Dialog displayed:
[2020.03.30-16.50.34:887][637]LogSlate: Window 'Blueprint Compilation Errors' being destroyed
[2020.03.30-16.50.35:440][637]PIE: New page: PIE session: ThirdPersonExampleMap (Mar 30, 2020, 8:50:34 PM)
[2020.03.30-16.50.35:610][637]LogOnline: OSS: Creating online subsystem instance for: NULL
[2020.03.30-16.50.35:671][637]LogOnline: OSS: TryLoadSubsystemAndSetDefault: Loaded subsystem for module [NULL]
[2020.03.30-16.50.35:718][637]LogPlayLevel: Creating play world package: /Game/ThirdPersonBP/Maps/UEDPIE_0_ThirdPersonExampleMap
[2020.03.30-16.50.35:889][637]LogPlayLevel: PIE: StaticDuplicateObject took: (0.170224s)
[2020.03.30-16.50.35:892][637]LogAIModule: Creating AISystem for world ThirdPersonExampleMap
[2020.03.30-16.50.35:893][637]LogPlayLevel: PIE: World Init took: (0.003546s)
[2020.03.30-16.50.35:894][637]LogPlayLevel: PIE: Created PIE world by copying editor world from /Game/ThirdPersonBP/Maps/ThirdPersonExampleMap.ThirdPersonExampleMap to /Game/ThirdPersonBP/Maps/UEDPIE_0_ThirdPersonExampleMap.ThirdPersonExampleMap (0.174923s)
[2020.03.30-16.50.35:942][637]LogUObjectHash: Compacting FUObjectHashTables data took   2.37ms
[2020.03.30-16.50.35:944][637]LogAudioMixer: Display: Audio Mixer Platform Settings:
[2020.03.30-16.50.35:944][637]LogAudioMixer: Display: 	Sample Rate:						  48000
[2020.03.30-16.50.35:944][637]LogAudioMixer: Display: 	Callback Buffer Frame Size Requested: 1024
[2020.03.30-16.50.35:944][637]LogAudioMixer: Display: 	Callback Buffer Frame Size To Use:	  1024
[2020.03.30-16.50.35:944][637]LogAudioMixer: Display: 	Number of buffers to queue:			  2
[2020.03.30-16.50.35:944][637]LogAudioMixer: Display: 	Max Channels (voices):				  32
[2020.03.30-16.50.35:944][637]LogAudioMixer: Display: 	Number of Async Source Workers:		  0
[2020.03.30-16.50.35:944][637]LogAudio: Display: AudioDevice MaxSources: 32
[2020.03.30-16.50.35:944][637]LogAudio: Display: Using built-in audio occlusion.
[2020.03.30-16.50.35:944][637]LogAudioMixer: Display: Initializing audio mixer.
[2020.03.30-16.50.35:953][637]LogAudioMixer: Display: Audio Device Output Speaker Info:
[2020.03.30-16.50.35:953][637]LogAudioMixer: Display: Name: Altavoces (Realtek High Definition Audio)
[2020.03.30-16.50.35:953][637]LogAudioMixer: Display: Is Default: Yes
[2020.03.30-16.50.35:953][637]LogAudioMixer: Display: Sample Rate: 48000
[2020.03.30-16.50.35:953][637]LogAudioMixer: Display: Channel Count Used: 2
[2020.03.30-16.50.35:953][637]LogAudioMixer: Display: Device Channel Count: 2
[2020.03.30-16.50.35:953][637]LogAudioMixer: Display: Channel Order:
[2020.03.30-16.50.35:953][637]LogAudioMixer: Display: 0: FrontLeft
[2020.03.30-16.50.35:953][637]LogAudioMixer: Display: 1: FrontRight
[2020.03.30-16.50.35:987][637]LogAudioMixer: Display: Using Audio Device Altavoces (Realtek High Definition Audio)
[2020.03.30-16.50.35:989][637]LogInit: FAudioDevice initialized.
[2020.03.30-16.50.36:001][637]LogLoad: Game class is 'ThirdPersonGameMode_C'
[2020.03.30-16.50.36:044][637]LogWorld: Bringing World /Game/ThirdPersonBP/Maps/UEDPIE_0_ThirdPersonExampleMap.ThirdPersonExampleMap up for play (max tick rate 60) at 2020.03.30-18.50.36
[2020.03.30-16.50.36:136][637]LogWorld: Bringing up level for play took: 0.095441
[2020.03.30-16.50.36:137][637]LogOnline: OSS: Creating online subsystem instance for: :Context_5
[2020.03.30-16.50.37:266][637]LogContentBrowser: Native class hierarchy updated for 'MovieSceneCapture' in 0.0005 seconds. Added 20 classes and 0 folders.
[2020.03.30-16.50.38:709][637]PIE: Play in editor start time for /Game/ThirdPersonBP/Maps/UEDPIE_0_ThirdPersonExampleMap 9.681
[2020.03.30-16.50.38:710][637]LogBlueprintUserMessages: Late PlayInEditor Detection: Level '/Game/ThirdPersonBP/Maps/ThirdPersonExampleMap.ThirdPersonExampleMap:PersistentLevel' has LevelScriptBlueprint '/Game/ThirdPersonBP/Maps/ThirdPersonExampleMap.ThirdPersonExampleMap:PersistentLevel.ThirdPersonExampleMap' with GeneratedClass '/Game/ThirdPersonBP/Maps/ThirdPersonExampleMap.ThirdPersonExampleMap_C' with ClassGeneratedBy '/Game/ThirdPersonBP/Maps/ThirdPersonExampleMap.ThirdPersonExampleMap:PersistentLevel.ThirdPersonExampleMap'
[2020.03.30-16.50.42:760][840]LogAudioMixer: Display: No commands were queued while flushing the source manager.
[2020.03.30-16.50.42:760][840]LogAudioMixer: Display: No commands were queued while flushing the source manager.
[2020.03.30-16.50.42:760][840]LogBlueprintUserMessages: Early EndPlayMap Detection: Level '/Game/ThirdPersonBP/Maps/ThirdPersonExampleMap.ThirdPersonExampleMap:PersistentLevel' has LevelScriptBlueprint '/Game/ThirdPersonBP/Maps/ThirdPersonExampleMap.ThirdPersonExampleMap:PersistentLevel.ThirdPersonExampleMap' with GeneratedClass '/Game/ThirdPersonBP/Maps/ThirdPersonExampleMap.ThirdPersonExampleMap_C' with ClassGeneratedBy '/Game/ThirdPersonBP/Maps/ThirdPersonExampleMap.ThirdPersonExampleMap:PersistentLevel.ThirdPersonExampleMap'
[2020.03.30-16.50.42:760][840]LogSlate: Updating window title bar state: overlay mode, drag disabled, window buttons hidden, title bar hidden
[2020.03.30-16.50.42:761][840]LogWorld: BeginTearingDown for /Game/ThirdPersonBP/Maps/UEDPIE_0_ThirdPersonExampleMap
[2020.03.30-16.50.42:761][840]LogAudioMixer: Display: No commands were queued while flushing the source manager.
[2020.03.30-16.50.42:761][840]LogWorld: UWorld::CleanupWorld for ThirdPersonExampleMap, bSessionEnded=true, bCleanupResources=true
[2020.03.30-16.50.42:762][840]LogSlate: InvalidateAllWidgets triggered.  All widgets were invalidated
[2020.03.30-16.50.42:777][840]LogPlayLevel: Display: Shutting down PIE online subsystems
[2020.03.30-16.50.42:778][840]LogBlueprintUserMessages: Late EndPlayMap Detection: Level '/Game/ThirdPersonBP/Maps/ThirdPersonExampleMap.ThirdPersonExampleMap:PersistentLevel' has LevelScriptBlueprint '/Game/ThirdPersonBP/Maps/ThirdPersonExampleMap.ThirdPersonExampleMap:PersistentLevel.ThirdPersonExampleMap' with GeneratedClass '/Game/ThirdPersonBP/Maps/ThirdPersonExampleMap.ThirdPersonExampleMap_C' with ClassGeneratedBy '/Game/ThirdPersonBP/Maps/ThirdPersonExampleMap.ThirdPersonExampleMap:PersistentLevel.ThirdPersonExampleMap'
[2020.03.30-16.50.42:784][840]LogSlate: InvalidateAllWidgets triggered.  All widgets were invalidated
[2020.03.30-16.50.43:089][840]LogAudioMixer: Display: No commands were queued while flushing the source manager.
[2020.03.30-16.50.43:212][840]LogSlate: Updating window title bar state: overlay mode, drag disabled, window buttons hidden, title bar hidden
[2020.03.30-16.50.43:277][840]LogUObjectHash: Compacting FUObjectHashTables data took   2.50ms
[2020.03.30-16.50.43:315][841]LogPlayLevel: Display: Destroying online subsystem :Context_5
[2020.03.30-16.50.48:799][  9]LogSlate: Took 0.000230 seconds to synchronously load lazily loaded font '../../../Engine/Content/Slate/Fonts/Roboto-Light.ttf' (167K)
[2020.03.30-16.50.48:830][  9]LogAssetEditorSubsystem: Opening Asset editor for Blueprint /Game/ThirdPersonBP/Blueprints/ThirdPersonCharacter.ThirdPersonCharacter
[2020.03.30-16.50.50:808][  9]LogContentBrowser: Native class hierarchy updated for 'BlueprintGraph' in 0.0020 seconds. Added 121 classes and 0 folders.
[2020.03.30-16.50.55:326][  9]LogSlate: Took 0.020320 seconds to synchronously load lazily loaded font '../../../Engine/Content/Slate/Fonts/Roboto-BoldCondensed.ttf' (158K)
[2020.03.30-16.50.56:839][ 10]LogSlate: Took 0.063380 seconds to synchronously load lazily loaded font '../../../Engine/Content/Slate/Fonts/Roboto-Italic.ttf' (157K)
[2020.03.30-16.51.04:867][385]BlueprintLog: New page: Compile ThirdPersonCharacter
[2020.03.30-16.51.05:578][385]LogUObjectHash: Compacting FUObjectHashTables data took   5.44ms
[2020.03.30-16.51.07:604][413]LogSavePackage: Moving '../../../../../../Users/sergi/Documents/GitHub/Unreal/ExamenFinal_MotorsDeJoc/ExamenFinal_MotorsDeJoc/ExamenFinal_Motors/Saved/ThirdPersonCharacterAA17035B4D0AC85FC1779CBFB182CBD4.tmp' to '../../../../../../Users/sergi/Documents/GitHub/Unreal/ExamenFinal_MotorsDeJoc/ExamenFinal_MotorsDeJoc/ExamenFinal_Motors/Content/ThirdPersonBP/Blueprints/ThirdPersonCharacter.uasset'
[2020.03.30-16.51.07:604][413]LogFileManager: Warning: DeleteFile was unable to delete '../../../../../../Users/sergi/Documents/GitHub/Unreal/ExamenFinal_MotorsDeJoc/ExamenFinal_MotorsDeJoc/ExamenFinal_Motors/Content/ThirdPersonBP/Blueprints/ThirdPersonCharacter.uasset', retrying in .5s...
[2020.03.30-16.51.08:106][413]LogFileManager: Error: Error deleting file '../../../../../../Users/sergi/Documents/GitHub/Unreal/ExamenFinal_MotorsDeJoc/ExamenFinal_MotorsDeJoc/ExamenFinal_Motors/Content/ThirdPersonBP/Blueprints/ThirdPersonCharacter.uasset'.
[2020.03.30-16.51.08:106][413]LogSavePackage: Error: Error saving '../../../../../../Users/sergi/Documents/GitHub/Unreal/ExamenFinal_MotorsDeJoc/ExamenFinal_MotorsDeJoc/ExamenFinal_Motors/Content/ThirdPersonBP/Blueprints/ThirdPersonCharacter.uasset'
[2020.03.30-16.51.13:366][413]LogSlate: Window 'Message' being destroyed
[2020.03.30-16.51.13:415][413]EditorErrors: New page: Save Output
[2020.03.30-16.51.13:415][413]EditorErrors: Warning: Error saving '../../../../../../Users/sergi/Documents/GitHub/Unreal/ExamenFinal_MotorsDeJoc/ExamenFinal_MotorsDeJoc/ExamenFinal_Motors/Content/ThirdPersonBP/Blueprints/ThirdPersonCharacter.uasset'
[2020.03.30-16.51.14:506][413]LogSlate: Window 'Packages Failed To Save' being destroyed
[2020.03.30-16.51.19:579][694]LogTemp: Repeating last play command: Selected Viewport
[2020.03.30-16.51.19:611][694]LogBlueprintUserMessages: Early PlayInEditor Detection: Level '/Game/ThirdPersonBP/Maps/ThirdPersonExampleMap.ThirdPersonExampleMap:PersistentLevel' has LevelScriptBlueprint '/Game/ThirdPersonBP/Maps/ThirdPersonExampleMap.ThirdPersonExampleMap:PersistentLevel.ThirdPersonExampleMap' with GeneratedClass '/Game/ThirdPersonBP/Maps/ThirdPersonExampleMap.ThirdPersonExampleMap_C' with ClassGeneratedBy '/Game/ThirdPersonBP/Maps/ThirdPersonExampleMap.ThirdPersonExampleMap:PersistentLevel.ThirdPersonExampleMap'
[2020.03.30-16.51.19:611][694]LogPlayLevel: PlayLevel: No blueprints needed recompiling
[2020.03.30-16.51.19:611][694]PIE: New page: PIE session: ThirdPersonExampleMap (Mar 30, 2020, 8:51:19 PM)
[2020.03.30-16.51.19:611][694]LogPlayLevel: Creating play world package: /Game/ThirdPersonBP/Maps/UEDPIE_0_ThirdPersonExampleMap
[2020.03.30-16.51.19:698][694]LogPlayLevel: PIE: StaticDuplicateObject took: (0.086383s)
[2020.03.30-16.51.19:701][694]LogAIModule: Creating AISystem for world ThirdPersonExampleMap
[2020.03.30-16.51.19:702][694]LogPlayLevel: PIE: World Init took: (0.003521s)
[2020.03.30-16.51.19:702][694]LogPlayLevel: PIE: Created PIE world by copying editor world from /Game/ThirdPersonBP/Maps/ThirdPersonExampleMap.ThirdPersonExampleMap to /Game/ThirdPersonBP/Maps/UEDPIE_0_ThirdPersonExampleMap.ThirdPersonExampleMap (0.090211s)
[2020.03.30-16.51.19:750][694]LogUObjectHash: Compacting FUObjectHashTables data took   5.40ms
[2020.03.30-16.51.19:752][694]LogAudioMixer: Display: Audio Mixer Platform Settings:
[2020.03.30-16.51.19:752][694]LogAudioMixer: Display: 	Sample Rate:						  48000
[2020.03.30-16.51.19:752][694]LogAudioMixer: Display: 	Callback Buffer Frame Size Requested: 1024
[2020.03.30-16.51.19:752][694]LogAudioMixer: Display: 	Callback Buffer Frame Size To Use:	  1024
[2020.03.30-16.51.19:752][694]LogAudioMixer: Display: 	Number of buffers to queue:			  2
[2020.03.30-16.51.19:752][694]LogAudioMixer: Display: 	Max Channels (voices):				  32
[2020.03.30-16.51.19:752][694]LogAudioMixer: Display: 	Number of Async Source Workers:		  0
[2020.03.30-16.51.19:752][694]LogAudio: Display: AudioDevice MaxSources: 32
[2020.03.30-16.51.19:753][694]LogAudio: Display: Using built-in audio occlusion.
[2020.03.30-16.51.19:753][694]LogAudioMixer: Display: Initializing audio mixer.
[2020.03.30-16.51.19:761][694]LogAudioMixer: Display: Audio Device Output Speaker Info:
[2020.03.30-16.51.19:761][694]LogAudioMixer: Display: Name: Altavoces (Realtek High Definition Audio)
[2020.03.30-16.51.19:761][694]LogAudioMixer: Display: Is Default: Yes
[2020.03.30-16.51.19:761][694]LogAudioMixer: Display: Sample Rate: 48000
[2020.03.30-16.51.19:761][694]LogAudioMixer: Display: Channel Count Used: 2
[2020.03.30-16.51.19:761][694]LogAudioMixer: Display: Device Channel Count: 2
[2020.03.30-16.51.19:761][694]LogAudioMixer: Display: Channel Order:
[2020.03.30-16.51.19:761][694]LogAudioMixer: Display: 0: FrontLeft
[2020.03.30-16.51.19:761][694]LogAudioMixer: Display: 1: FrontRight
[2020.03.30-16.51.19:790][694]LogAudioMixer: Display: Using Audio Device Altavoces (Realtek High Definition Audio)
[2020.03.30-16.51.19:794][694]LogInit: FAudioDevice initialized.
[2020.03.30-16.51.19:805][694]LogLoad: Game class is 'ThirdPersonGameMode_C'
[2020.03.30-16.51.19:808][694]LogWorld: Bringing World /Game/ThirdPersonBP/Maps/UEDPIE_0_ThirdPersonExampleMap.ThirdPersonExampleMap up for play (max tick rate 60) at 2020.03.30-18.51.19
[2020.03.30-16.51.19:809][694]LogWorld: Bringing up level for play took: 0.003100
[2020.03.30-16.51.19:809][694]LogOnline: OSS: Creating online subsystem instance for: :Context_8
[2020.03.30-16.51.20:096][694]PIE: Play in editor start time for /Game/ThirdPersonBP/Maps/UEDPIE_0_ThirdPersonExampleMap 1.068
[2020.03.30-16.51.20:097][694]LogBlueprintUserMessages: Late PlayInEditor Detection: Level '/Game/ThirdPersonBP/Maps/ThirdPersonExampleMap.ThirdPersonExampleMap:PersistentLevel' has LevelScriptBlueprint '/Game/ThirdPersonBP/Maps/ThirdPersonExampleMap.ThirdPersonExampleMap:PersistentLevel.ThirdPersonExampleMap' with GeneratedClass '/Game/ThirdPersonBP/Maps/ThirdPersonExampleMap.ThirdPersonExampleMap_C' with ClassGeneratedBy '/Game/ThirdPersonBP/Maps/ThirdPersonExampleMap.ThirdPersonExampleMap:PersistentLevel.ThirdPersonExampleMap'
[2020.03.30-16.51.36:783][490]LogAudioMixer: Display: No commands were queued while flushing the source manager.
[2020.03.30-16.51.36:783][490]LogAudioMixer: Display: No commands were queued while flushing the source manager.
[2020.03.30-16.51.36:783][490]LogBlueprintUserMessages: Early EndPlayMap Detection: Level '/Game/ThirdPersonBP/Maps/ThirdPersonExampleMap.ThirdPersonExampleMap:PersistentLevel' has LevelScriptBlueprint '/Game/ThirdPersonBP/Maps/ThirdPersonExampleMap.ThirdPersonExampleMap:PersistentLevel.ThirdPersonExampleMap' with GeneratedClass '/Game/ThirdPersonBP/Maps/ThirdPersonExampleMap.ThirdPersonExampleMap_C' with ClassGeneratedBy '/Game/ThirdPersonBP/Maps/ThirdPersonExampleMap.ThirdPersonExampleMap:PersistentLevel.ThirdPersonExampleMap'
[2020.03.30-16.51.36:784][490]LogSlate: Updating window title bar state: overlay mode, drag disabled, window buttons hidden, title bar hidden
[2020.03.30-16.51.36:784][490]LogWorld: BeginTearingDown for /Game/ThirdPersonBP/Maps/UEDPIE_0_ThirdPersonExampleMap
[2020.03.30-16.51.36:785][490]LogAudioMixer: Display: No commands were queued while flushing the source manager.
[2020.03.30-16.51.36:785][490]LogWorld: UWorld::CleanupWorld for ThirdPersonExampleMap, bSessionEnded=true, bCleanupResources=true
[2020.03.30-16.51.36:787][490]LogSlate: InvalidateAllWidgets triggered.  All widgets were invalidated
[2020.03.30-16.51.36:816][490]LogPlayLevel: Display: Shutting down PIE online subsystems
[2020.03.30-16.51.36:817][490]LogBlueprintUserMessages: Late EndPlayMap Detection: Level '/Game/ThirdPersonBP/Maps/ThirdPersonExampleMap.ThirdPersonExampleMap:PersistentLevel' has LevelScriptBlueprint '/Game/ThirdPersonBP/Maps/ThirdPersonExampleMap.ThirdPersonExampleMap:PersistentLevel.ThirdPersonExampleMap' with GeneratedClass '/Game/ThirdPersonBP/Maps/ThirdPersonExampleMap.ThirdPersonExampleMap_C' with ClassGeneratedBy '/Game/ThirdPersonBP/Maps/ThirdPersonExampleMap.ThirdPersonExampleMap:PersistentLevel.ThirdPersonExampleMap'
[2020.03.30-16.51.36:827][490]LogSlate: InvalidateAllWidgets triggered.  All widgets were invalidated
[2020.03.30-16.51.36:916][490]LogAudioMixer: Display: No commands were queued while flushing the source manager.
[2020.03.30-16.51.36:933][490]LogSlate: Updating window title bar state: overlay mode, drag disabled, window buttons hidden, title bar hidden
[2020.03.30-16.51.36:941][490]LogUObjectHash: Compacting FUObjectHashTables data took   5.11ms
[2020.03.30-16.51.37:017][491]LogPlayLevel: Display: Destroying online subsystem :Context_8
[2020.03.30-16.51.38:996][576]LogWorld: UWorld::CleanupWorld for World_5, bSessionEnded=true, bCleanupResources=true
[2020.03.30-16.51.38:996][576]LogSlate: InvalidateAllWidgets triggered.  All widgets were invalidated
[2020.03.30-16.51.46:855][925]LogUObjectHash: Compacting FUObjectHashTables data took   5.66ms
[2020.03.30-16.51.50:831][925]LogSlate: Window 'Save Content' being destroyed
[2020.03.30-16.51.50:966][925]LogSavePackage: Moving '../../../../../../Users/sergi/Documents/GitHub/Unreal/ExamenFinal_MotorsDeJoc/ExamenFinal_MotorsDeJoc/ExamenFinal_Motors/Saved/ThirdPersonCharacter3C7B04B74B7A2F014E989EB5166261DD.tmp' to '../../../../../../Users/sergi/Documents/GitHub/Unreal/ExamenFinal_MotorsDeJoc/ExamenFinal_MotorsDeJoc/ExamenFinal_Motors/Content/ThirdPersonBP/Blueprints/ThirdPersonCharacter.uasset'
[2020.03.30-16.51.50:967][925]LogFileManager: Warning: DeleteFile was unable to delete '../../../../../../Users/sergi/Documents/GitHub/Unreal/ExamenFinal_MotorsDeJoc/ExamenFinal_MotorsDeJoc/ExamenFinal_Motors/Content/ThirdPersonBP/Blueprints/ThirdPersonCharacter.uasset', retrying in .5s...
[2020.03.30-16.51.51:468][925]LogFileManager: Error: Error deleting file '../../../../../../Users/sergi/Documents/GitHub/Unreal/ExamenFinal_MotorsDeJoc/ExamenFinal_MotorsDeJoc/ExamenFinal_Motors/Content/ThirdPersonBP/Blueprints/ThirdPersonCharacter.uasset'.
[2020.03.30-16.51.51:468][925]LogSavePackage: Error: Error saving '../../../../../../Users/sergi/Documents/GitHub/Unreal/ExamenFinal_MotorsDeJoc/ExamenFinal_MotorsDeJoc/ExamenFinal_Motors/Content/ThirdPersonBP/Blueprints/ThirdPersonCharacter.uasset'
[2020.03.30-16.51.53:231][925]LogSlate: Window 'Message' being destroyed
[2020.03.30-16.51.53:339][925]LogSavePackage: Moving '../../../../../../Users/sergi/Documents/GitHub/Unreal/ExamenFinal_MotorsDeJoc/ExamenFinal_MotorsDeJoc/ExamenFinal_Motors/Saved/ThirdPersonCharacter2D52272C4FD0AB41007C8AAE7812AAB5.tmp' to '../../../../../../Users/sergi/Documents/GitHub/Unreal/ExamenFinal_MotorsDeJoc/ExamenFinal_MotorsDeJoc/ExamenFinal_Motors/Content/ThirdPersonBP/Blueprints/ThirdPersonCharacter.uasset'
[2020.03.30-16.51.53:339][925]LogFileManager: Warning: DeleteFile was unable to delete '../../../../../../Users/sergi/Documents/GitHub/Unreal/ExamenFinal_MotorsDeJoc/ExamenFinal_MotorsDeJoc/ExamenFinal_Motors/Content/ThirdPersonBP/Blueprints/ThirdPersonCharacter.uasset', retrying in .5s...
[2020.03.30-16.51.53:841][925]LogFileManager: Error: Error deleting file '../../../../../../Users/sergi/Documents/GitHub/Unreal/ExamenFinal_MotorsDeJoc/ExamenFinal_MotorsDeJoc/ExamenFinal_Motors/Content/ThirdPersonBP/Blueprints/ThirdPersonCharacter.uasset'.
[2020.03.30-16.51.53:841][925]LogSavePackage: Error: Error saving '../../../../../../Users/sergi/Documents/GitHub/Unreal/ExamenFinal_MotorsDeJoc/ExamenFinal_MotorsDeJoc/ExamenFinal_Motors/Content/ThirdPersonBP/Blueprints/ThirdPersonCharacter.uasset'
[2020.03.30-16.51.54:668][925]LogSlate: Window 'Message' being destroyed
[2020.03.30-16.51.54:705][925]EditorErrors: New page: Save Output
[2020.03.30-16.51.54:705][925]EditorErrors: Warning: Error saving '../../../../../../Users/sergi/Documents/GitHub/Unreal/ExamenFinal_MotorsDeJoc/ExamenFinal_MotorsDeJoc/ExamenFinal_Motors/Content/ThirdPersonBP/Blueprints/ThirdPersonCharacter.uasset'
[2020.03.30-16.51.54:705][925]EditorErrors: Warning: Error saving '../../../../../../Users/sergi/Documents/GitHub/Unreal/ExamenFinal_MotorsDeJoc/ExamenFinal_MotorsDeJoc/ExamenFinal_Motors/Content/ThirdPersonBP/Blueprints/ThirdPersonCharacter.uasset'
[2020.03.30-16.51.56:265][925]LogSlate: Window 'Packages Failed To Save' being destroyed
[2020.03.30-16.51.56:331][925]LogSlate: Window 'ExamenFinal_Motors - Unreal Editor' being destroyed
[2020.03.30-16.51.56:332][925]LogWindowsTextInputMethodSystem: Display: IME system now deactivated.
[2020.03.30-16.51.56:612][926]Cmd: QUIT_EDITOR
[2020.03.30-16.51.56:612][926]LogCore: Engine exit requested (reason: UUnrealEdEngine::CloseEditor())
[2020.03.30-16.51.56:660][926]LogCore: Engine exit requested (reason: EngineExit() was called; note: exit was already requested)
[2020.03.30-16.51.56:660][926]LogAudioMixer: Display: No commands were queued while flushing the source manager.
